{"numFailedTestSuites":2,"numFailedTests":7,"numPassedTestSuites":9,"numPassedTests":133,"numPendingTestSuites":0,"numPendingTests":0,"numRuntimeErrorTestSuites":0,"numTodoTests":0,"numTotalTestSuites":11,"numTotalTests":140,"openHandles":[],"snapshot":{"added":0,"didUpdate":false,"failure":false,"filesAdded":0,"filesRemoved":0,"filesRemovedList":[],"filesUnmatched":0,"filesUpdated":0,"matched":0,"total":0,"unchecked":0,"uncheckedKeysByFile":[],"unmatched":0,"updated":0},"startTime":1763494396967,"success":false,"testResults":[{"assertionResults":[{"ancestorTitles":["authService","login"],"duration":7,"failing":false,"failureDetails":[],"failureMessages":[],"fullName":"authService login should login successfully and store user data","invocations":1,"location":null,"numPassingAsserts":4,"retryReasons":[],"startAt":1763494398240,"status":"passed","title":"should login successfully and store user data"},{"ancestorTitles":["authService","login"],"duration":3,"failing":false,"failureDetails":[],"failureMessages":[],"fullName":"authService login should handle login failure","invocations":1,"location":null,"numPassingAsserts":2,"retryReasons":[],"startAt":1763494398248,"status":"passed","title":"should handle login failure"},{"ancestorTitles":["authService","login"],"duration":12,"failing":false,"failureDetails":[],"failureMessages":[],"fullName":"authService login should handle network error during login","invocations":1,"location":null,"numPassingAsserts":2,"retryReasons":[],"startAt":1763494398251,"status":"passed","title":"should handle network error during login"},{"ancestorTitles":["authService","register"],"duration":2,"failing":false,"failureDetails":[],"failureMessages":[],"fullName":"authService register should register successfully and store user data","invocations":1,"location":null,"numPassingAsserts":4,"retryReasons":[],"startAt":1763494398263,"status":"passed","title":"should register successfully and store user data"},{"ancestorTitles":["authService","register"],"duration":2,"failing":false,"failureDetails":[],"failureMessages":[],"fullName":"authService register should handle registration failure","invocations":1,"location":null,"numPassingAsserts":2,"retryReasons":[],"startAt":1763494398265,"status":"passed","title":"should handle registration failure"},{"ancestorTitles":["authService","logout"],"duration":1,"failing":false,"failureDetails":[],"failureMessages":[],"fullName":"authService logout should clear localStorage","invocations":1,"location":null,"numPassingAsserts":2,"retryReasons":[],"startAt":1763494398267,"status":"passed","title":"should clear localStorage"},{"ancestorTitles":["authService","getCurrentUser"],"duration":0,"failing":false,"failureDetails":[],"failureMessages":[],"fullName":"authService getCurrentUser should return parsed user from localStorage","invocations":1,"location":null,"numPassingAsserts":1,"retryReasons":[],"startAt":1763494398269,"status":"passed","title":"should return parsed user from localStorage"},{"ancestorTitles":["authService","getCurrentUser"],"duration":0,"failing":false,"failureDetails":[],"failureMessages":[],"fullName":"authService getCurrentUser should return null when no user in localStorage","invocations":1,"location":null,"numPassingAsserts":1,"retryReasons":[],"startAt":1763494398270,"status":"passed","title":"should return null when no user in localStorage"},{"ancestorTitles":["authService","getCurrentUser"],"duration":5,"failing":false,"failureDetails":[],"failureMessages":[],"fullName":"authService getCurrentUser should return null when user data is invalid JSON","invocations":1,"location":null,"numPassingAsserts":1,"retryReasons":[],"startAt":1763494398270,"status":"passed","title":"should return null when user data is invalid JSON"},{"ancestorTitles":["authService","isAuthenticated"],"duration":1,"failing":false,"failureDetails":[],"failureMessages":[],"fullName":"authService isAuthenticated should return true when token exists","invocations":1,"location":null,"numPassingAsserts":1,"retryReasons":[],"startAt":1763494398275,"status":"passed","title":"should return true when token exists"},{"ancestorTitles":["authService","isAuthenticated"],"duration":1,"failing":false,"failureDetails":[],"failureMessages":[],"fullName":"authService isAuthenticated should return false when no token exists","invocations":1,"location":null,"numPassingAsserts":1,"retryReasons":[],"startAt":1763494398276,"status":"passed","title":"should return false when no token exists"},{"ancestorTitles":["authService","forgotPassword"],"duration":1,"failing":false,"failureDetails":[],"failureMessages":[],"fullName":"authService forgotPassword should send forgot password request successfully","invocations":1,"location":null,"numPassingAsserts":2,"retryReasons":[],"startAt":1763494398277,"status":"passed","title":"should send forgot password request successfully"},{"ancestorTitles":["authService","forgotPassword"],"duration":1,"failing":false,"failureDetails":[],"failureMessages":[],"fullName":"authService forgotPassword should handle forgot password failure","invocations":1,"location":null,"numPassingAsserts":2,"retryReasons":[],"startAt":1763494398278,"status":"passed","title":"should handle forgot password failure"},{"ancestorTitles":["authService","forgotPassword"],"duration":2,"failing":false,"failureDetails":[],"failureMessages":[],"fullName":"authService forgotPassword should handle network error during forgot password","invocations":1,"location":null,"numPassingAsserts":2,"retryReasons":[],"startAt":1763494398279,"status":"passed","title":"should handle network error during forgot password"},{"ancestorTitles":["authService","resetPassword"],"duration":1,"failing":false,"failureDetails":[],"failureMessages":[],"fullName":"authService resetPassword should reset password successfully","invocations":1,"location":null,"numPassingAsserts":2,"retryReasons":[],"startAt":1763494398281,"status":"passed","title":"should reset password successfully"},{"ancestorTitles":["authService","resetPassword"],"duration":1,"failing":false,"failureDetails":[],"failureMessages":[],"fullName":"authService resetPassword should handle reset password failure","invocations":1,"location":null,"numPassingAsserts":2,"retryReasons":[],"startAt":1763494398282,"status":"passed","title":"should handle reset password failure"},{"ancestorTitles":["authService","resetPassword"],"duration":2,"failing":false,"failureDetails":[],"failureMessages":[],"fullName":"authService resetPassword should handle network error during reset password","invocations":1,"location":null,"numPassingAsserts":2,"retryReasons":[],"startAt":1763494398283,"status":"passed","title":"should handle network error during reset password"}],"endTime":1763494398287,"message":"","name":"/home/usuario/Desktop/EFI/EFI-FrontEnd/src/services/auth/__tests__/authService.test.js","startTime":1763494397509,"status":"passed","summary":""},{"assertionResults":[{"ancestorTitles":["AuthContext","Initial state"],"duration":41,"failing":false,"failureDetails":[],"failureMessages":[],"fullName":"AuthContext Initial state should initialize with default values when no stored session","invocations":1,"location":null,"numPassingAsserts":4,"retryReasons":[],"startAt":1763494398292,"status":"passed","title":"should initialize with default values when no stored session"},{"ancestorTitles":["AuthContext","Initial state"],"duration":10,"failing":false,"failureDetails":[],"failureMessages":[],"fullName":"AuthContext Initial state should initialize with stored session data","invocations":1,"location":null,"numPassingAsserts":4,"retryReasons":[],"startAt":1763494398334,"status":"passed","title":"should initialize with stored session data"},{"ancestorTitles":["AuthContext","login function"],"duration":19,"failing":false,"failureDetails":[],"failureMessages":[],"fullName":"AuthContext login function should handle successful login","invocations":1,"location":null,"numPassingAsserts":4,"retryReasons":[],"startAt":1763494398344,"status":"passed","title":"should handle successful login"},{"ancestorTitles":["AuthContext","login function"],"duration":28,"failing":false,"failureDetails":[],"failureMessages":[],"fullName":"AuthContext login function should handle login failure","invocations":1,"location":null,"numPassingAsserts":3,"retryReasons":[],"startAt":1763494398363,"status":"passed","title":"should handle login failure"},{"ancestorTitles":["AuthContext","logout function"],"duration":35,"failing":false,"failureDetails":[],"failureMessages":[],"fullName":"AuthContext logout function should clear user data and call authService.logout","invocations":1,"location":null,"numPassingAsserts":4,"retryReasons":[],"startAt":1763494398392,"status":"passed","title":"should clear user data and call authService.logout"},{"ancestorTitles":["AuthContext","forgotPassword function"],"duration":4,"failing":false,"failureDetails":[],"failureMessages":[],"fullName":"AuthContext forgotPassword function should call authService.forgotPassword and return result","invocations":1,"location":null,"numPassingAsserts":3,"retryReasons":[],"startAt":1763494398427,"status":"passed","title":"should call authService.forgotPassword and return result"},{"ancestorTitles":["AuthContext","resetPassword function"],"duration":4,"failing":false,"failureDetails":[],"failureMessages":[],"fullName":"AuthContext resetPassword function should call authService.resetPassword and return result","invocations":1,"location":null,"numPassingAsserts":3,"retryReasons":[],"startAt":1763494398432,"status":"passed","title":"should call authService.resetPassword and return result"},{"ancestorTitles":["AuthContext","getUserProfile function"],"duration":14,"failing":false,"failureDetails":[],"failureMessages":[],"fullName":"AuthContext getUserProfile function should call usersService.getUserProfile and update user state","invocations":1,"location":null,"numPassingAsserts":4,"retryReasons":[],"startAt":1763494398436,"status":"passed","title":"should call usersService.getUserProfile and update user state"},{"ancestorTitles":["AuthContext","useAuth hook"],"duration":19,"failing":false,"failureDetails":[],"failureMessages":[],"fullName":"AuthContext useAuth hook should throw error when used outside AuthProvider","invocations":1,"location":null,"numPassingAsserts":1,"retryReasons":[],"startAt":1763494398450,"status":"passed","title":"should throw error when used outside AuthProvider"}],"endTime":1763494398470,"message":"","name":"/home/usuario/Desktop/EFI/EFI-FrontEnd/src/context/__tests__/AuthContext.test.jsx","startTime":1763494397515,"status":"passed","summary":""},{"assertionResults":[{"ancestorTitles":["TablesContext","Initial state"],"duration":48,"failing":false,"failureDetails":[],"failureMessages":[],"fullName":"TablesContext Initial state should initialize with default values","invocations":1,"location":null,"numPassingAsserts":3,"retryReasons":[],"startAt":1763494398369,"status":"passed","title":"should initialize with default values"},{"ancestorTitles":["TablesContext","Initial state"],"duration":14,"failing":false,"failureDetails":[],"failureMessages":[],"fullName":"TablesContext Initial state should fetch tables on mount","invocations":1,"location":null,"numPassingAsserts":3,"retryReasons":[],"startAt":1763494398418,"status":"passed","title":"should fetch tables on mount"},{"ancestorTitles":["TablesContext","fetchTables function"],"duration":44,"failing":false,"failureDetails":[],"failureMessages":[],"fullName":"TablesContext fetchTables function should handle successful fetch","invocations":1,"location":null,"numPassingAsserts":3,"retryReasons":[],"startAt":1763494398432,"status":"passed","title":"should handle successful fetch"},{"ancestorTitles":["TablesContext","fetchTables function"],"duration":13,"failing":false,"failureDetails":[],"failureMessages":[],"fullName":"TablesContext fetchTables function should handle fetch error","invocations":1,"location":null,"numPassingAsserts":1,"retryReasons":[],"startAt":1763494398476,"status":"passed","title":"should handle fetch error"},{"ancestorTitles":["TablesContext","createTable function"],"duration":7,"failing":false,"failureDetails":[],"failureMessages":[],"fullName":"TablesContext createTable function should handle creation error","invocations":1,"location":null,"numPassingAsserts":3,"retryReasons":[],"startAt":1763494398489,"status":"passed","title":"should handle creation error"},{"ancestorTitles":["TablesContext","updateTable function"],"duration":19,"failing":false,"failureDetails":[],"failureMessages":[],"fullName":"TablesContext updateTable function should handle successful update","invocations":1,"location":null,"numPassingAsserts":4,"retryReasons":[],"startAt":1763494398496,"status":"passed","title":"should handle successful update"},{"ancestorTitles":["TablesContext","deleteTable function"],"duration":18,"failing":false,"failureDetails":[],"failureMessages":[],"fullName":"TablesContext deleteTable function should handle successful deletion","invocations":1,"location":null,"numPassingAsserts":4,"retryReasons":[],"startAt":1763494398516,"status":"passed","title":"should handle successful deletion"},{"ancestorTitles":["TablesContext","setTableStatus function"],"duration":15,"failing":false,"failureDetails":[],"failureMessages":[],"fullName":"TablesContext setTableStatus function should update table status","invocations":1,"location":null,"numPassingAsserts":2,"retryReasons":[],"startAt":1763494398535,"status":"passed","title":"should update table status"},{"ancestorTitles":["TablesContext","setTableStatus function"],"duration":13,"failing":false,"failureDetails":[],"failureMessages":[],"fullName":"TablesContext setTableStatus function should handle table not found","invocations":1,"location":null,"numPassingAsserts":3,"retryReasons":[],"startAt":1763494398550,"status":"passed","title":"should handle table not found"},{"ancestorTitles":["TablesContext","getTableById function"],"duration":6,"failing":false,"failureDetails":[],"failureMessages":[],"fullName":"TablesContext getTableById function should return table by id","invocations":1,"location":null,"numPassingAsserts":2,"retryReasons":[],"startAt":1763494398564,"status":"passed","title":"should return table by id"},{"ancestorTitles":["TablesContext","getAvailableTables function"],"duration":7,"failing":false,"failureDetails":[],"failureMessages":[],"fullName":"TablesContext getAvailableTables function should return available tables","invocations":1,"location":null,"numPassingAsserts":2,"retryReasons":[],"startAt":1763494398570,"status":"passed","title":"should return available tables"},{"ancestorTitles":["TablesContext","clearError function"],"duration":17,"failing":false,"failureDetails":[],"failureMessages":[],"fullName":"TablesContext clearError function should clear error state","invocations":1,"location":null,"numPassingAsserts":2,"retryReasons":[],"startAt":1763494398577,"status":"passed","title":"should clear error state"},{"ancestorTitles":["TablesContext","useTables hook"],"duration":44,"failing":false,"failureDetails":[],"failureMessages":[],"fullName":"TablesContext useTables hook should throw error when used outside TablesProvider","invocations":1,"location":null,"numPassingAsserts":1,"retryReasons":[],"startAt":1763494398594,"status":"passed","title":"should throw error when used outside TablesProvider"}],"endTime":1763494398640,"message":"","name":"/home/usuario/Desktop/EFI/EFI-FrontEnd/src/context/__tests__/TablesContext.test.jsx","startTime":1763494397500,"status":"passed","summary":""},{"assertionResults":[{"ancestorTitles":["AdminTables","Initial render"],"duration":51,"failing":false,"failureDetails":[],"failureMessages":[],"fullName":"AdminTables Initial render should render loading state initially","invocations":1,"location":null,"numPassingAsserts":1,"retryReasons":[],"startAt":1763494403194,"status":"passed","title":"should render loading state initially"},{"ancestorTitles":["AdminTables","Initial render"],"duration":50,"failing":false,"failureDetails":[],"failureMessages":[],"fullName":"AdminTables Initial render should render tables when loaded","invocations":1,"location":null,"numPassingAsserts":8,"retryReasons":[],"startAt":1763494403245,"status":"passed","title":"should render tables when loaded"},{"ancestorTitles":["AdminTables","Initial render"],"duration":23,"failing":false,"failureDetails":[],"failureMessages":[],"fullName":"AdminTables Initial render should show error message when fetch fails","invocations":1,"location":null,"numPassingAsserts":1,"retryReasons":[],"startAt":1763494403295,"status":"passed","title":"should show error message when fetch fails"},{"ancestorTitles":["AdminTables","Create table"],"duration":17,"failing":false,"failureDetails":[],"failureMessages":[],"fullName":"AdminTables Create table should show form when create button is clicked","invocations":1,"location":null,"numPassingAsserts":2,"retryReasons":[],"startAt":1763494403319,"status":"passed","title":"should show form when create button is clicked"},{"ancestorTitles":["AdminTables","Create table"],"duration":27,"failing":false,"failureDetails":[],"failureMessages":[],"fullName":"AdminTables Create table should create table successfully","invocations":1,"location":null,"numPassingAsserts":3,"retryReasons":[],"startAt":1763494403336,"status":"passed","title":"should create table successfully"},{"ancestorTitles":["AdminTables","Create table"],"duration":30,"failing":false,"failureDetails":[],"failureMessages":[],"fullName":"AdminTables Create table should show error when create fails","invocations":1,"location":null,"numPassingAsserts":1,"retryReasons":[],"startAt":1763494403363,"status":"passed","title":"should show error when create fails"},{"ancestorTitles":["AdminTables","Update table"],"duration":18,"failing":false,"failureDetails":[],"failureMessages":[],"fullName":"AdminTables Update table should show form with data when edit button is clicked","invocations":1,"location":null,"numPassingAsserts":1,"retryReasons":[],"startAt":1763494403393,"status":"passed","title":"should show form with data when edit button is clicked"},{"ancestorTitles":["AdminTables","Update table"],"duration":47,"failing":false,"failureDetails":[],"failureMessages":[],"fullName":"AdminTables Update table should update table successfully","invocations":1,"location":null,"numPassingAsserts":3,"retryReasons":[],"startAt":1763494403411,"status":"passed","title":"should update table successfully"},{"ancestorTitles":["AdminTables","Delete table"],"duration":20,"failing":false,"failureDetails":[],"failureMessages":[],"fullName":"AdminTables Delete table should delete table when confirmed","invocations":1,"location":null,"numPassingAsserts":4,"retryReasons":[],"startAt":1763494403458,"status":"passed","title":"should delete table when confirmed"},{"ancestorTitles":["AdminTables","Delete table"],"duration":17,"failing":false,"failureDetails":[],"failureMessages":[],"fullName":"AdminTables Delete table should not delete table when not confirmed","invocations":1,"location":null,"numPassingAsserts":3,"retryReasons":[],"startAt":1763494403478,"status":"passed","title":"should not delete table when not confirmed"},{"ancestorTitles":["AdminTables","Delete table"],"duration":21,"failing":false,"failureDetails":[],"failureMessages":[],"fullName":"AdminTables Delete table should show error when delete fails","invocations":1,"location":null,"numPassingAsserts":1,"retryReasons":[],"startAt":1763494403495,"status":"passed","title":"should show error when delete fails"},{"ancestorTitles":["AdminTables","Form interactions"],"duration":13,"failing":false,"failureDetails":[],"failureMessages":[],"fullName":"AdminTables Form interactions should hide form when cancel is clicked","invocations":1,"location":null,"numPassingAsserts":2,"retryReasons":[],"startAt":1763494403516,"status":"passed","title":"should hide form when cancel is clicked"}],"endTime":1763494403531,"message":"","name":"/home/usuario/Desktop/EFI/EFI-FrontEnd/src/components/__tests__/AdminTables.test.jsx","startTime":1763494397501,"status":"passed","summary":""},{"assertionResults":[{"ancestorTitles":["TableForm","Initial render"],"duration":36,"failing":false,"failureDetails":[{"name":"TestingLibraryElementError"}],"failureMessages":["TestingLibraryElementError: Found a label with the text of: Número, however no form control was found associated to that label. Make sure you're using the \"for\" attribute or \"aria-labelledby\" attribute correctly.\n\nIgnored nodes: comments, script, style\n\u001b[36m<body>\u001b[39m\n  \u001b[36m<div>\u001b[39m\n    \u001b[36m<div\u001b[39m\n      \u001b[33mdata-testid\u001b[39m=\u001b[32m\"paper\"\u001b[39m\n    \u001b[36m>\u001b[39m\n      \u001b[36m<div>\u001b[39m\n        \u001b[0mNueva Mesa\u001b[0m\n      \u001b[36m</div>\u001b[39m\n      \u001b[36m<div\u001b[39m\n        \u001b[33mcomponent\u001b[39m=\u001b[32m\"form\"\u001b[39m\n        \u001b[33msx\u001b[39m=\u001b[32m\"[object Object]\"\u001b[39m\n      \u001b[36m>\u001b[39m\n        \u001b[36m<div>\u001b[39m\n          \u001b[36m<label>\u001b[39m\n            \u001b[0mNúmero\u001b[0m\n          \u001b[36m</label>\u001b[39m\n          \u001b[36m<input\u001b[39m\n            \u001b[33mname\u001b[39m=\u001b[32m\"number\"\u001b[39m\n            \u001b[33mrequired\u001b[39m=\u001b[32m\"\"\u001b[39m\n            \u001b[33mtype\u001b[39m=\u001b[32m\"text\"\u001b[39m\n            \u001b[33mvalue\u001b[39m=\u001b[32m\"\"\u001b[39m\n          \u001b[36m/>\u001b[39m\n        \u001b[36m</div>\u001b[39m\n        \u001b[36m<div>\u001b[39m\n          \u001b[36m<label>\u001b[39m\n            \u001b[0mNombre\u001b[0m\n          \u001b[36m</label>\u001b[39m\n          \u001b[36m<input\u001b[39m\n            \u001b[33mname\u001b[39m=\u001b[32m\"name\"\u001b[39m\n            \u001b[33mrequired\u001b[39m=\u001b[32m\"\"\u001b[39m\n            \u001b[33mtype\u001b[39m=\u001b[32m\"text\"\u001b[39m\n            \u001b[33mvalue\u001b[39m=\u001b[32m\"\"\u001b[39m\n          \u001b[36m/>\u001b[39m\n        \u001b[36m</div>\u001b[39m\n        \u001b[36m<div>\u001b[39m\n          \u001b[36m<label>\u001b[39m\n            \u001b[0mCapacidad\u001b[0m\n          \u001b[36m</label>\u001b[39m\n          \u001b[36m<input\u001b[39m\n            \u001b[33mname\u001b[39m=\u001b[32m\"capacity\"\u001b[39m\n            \u001b[33mrequired\u001b[39m=\u001b[32m\"\"\u001b[39m\n            \u001b[33mtype\u001b[39m=\u001b[32m\"number\"\u001b[39m\n            \u001b[33mvalue\u001b[39m=\u001b[32m\"\"\u001b[39m\n          \u001b[36m/>\u001b[39m\n        \u001b[36m</div>\u001b[39m\n        \u001b[36m<div>\u001b[39m\n          \u001b[36m<label>\u001b[39m\n            \u001b[0mUbicación\u001b[0m\n          \u001b[36m</label>\u001b[39m\n          \u001b[36m<input\u001b[39m\n            \u001b[33mname\u001b[39m=\u001b[32m\"location\"\u001b[39m\n            \u001b[33mtype\u001b[39m=\u001b[32m\"text\"\u001b[39m\n            \u001b[33mvalue\u001b[39m=\u001b[32m\"\"\u001b[39m\n          \u001b[36m/>\u001b[39m\n        \u001b[36m</div>\u001b[39m\n        \u001b[36m<label>\u001b[39m\n          \u001b[36m<input\u001b[39m\n            \u001b[33mchecked\u001b[39m=\u001b[32m\"\"\u001b[39m\n            \u001b[33mdata-testid\u001b[39m=\u001b[32m\"available-switch\"\u001b[39m\n            \u001b[33mname\u001b[39m=\u001b[32m\"available\"\u001b[39m\n            \u001b[33mtype\u001b[39m=\u001b[32m\"checkbox\"\u001b[39m\n          \u001b[36m/>\u001b[39m\n          \u001b[0mDisponible\u001b[0m\n        \u001b[36m</label>\u001b[39m\n        \u001b[36m<div\u001b[39m\n          \u001b[33msx\u001b[39m=\u001b[32m\"[object Object]\"\u001b[39m\n        \u001b[36m>\u001b[39m\n          \u001b[36m<button\u001b[39m\n            \u001b[33mtype\u001b[39m=\u001b[32m\"submit\"\u001b[39m\n          \u001b[36m>\u001b[39m\n            \u001b[0mCrear\u001b[0m\n          \u001b[36m</button>\u001b[39m\n          \u001b[36m<button>\u001b[39m\n            \u001b[0mCancelar\u001b[0m\n          \u001b[36m</button>\u001b[39m\n        \u001b[36m</div>\u001b[39m\n      \u001b[36m</div>\u001b[39m\n    \u001b[36m</div>\u001b[39m\n  \u001b[36m</div>\u001b[39m\n\u001b[36m</body>\u001b[39m\n    at Object.getElementError (/home/usuario/Desktop/EFI/EFI-FrontEnd/node_modules/@testing-library/dom/dist/config.js:37:19)\n    at getAllByLabelText (/home/usuario/Desktop/EFI/EFI-FrontEnd/node_modules/@testing-library/dom/dist/queries/label-text.js:108:40)\n    at /home/usuario/Desktop/EFI/EFI-FrontEnd/node_modules/@testing-library/dom/dist/query-helpers.js:52:17\n    at /home/usuario/Desktop/EFI/EFI-FrontEnd/node_modules/@testing-library/dom/dist/query-helpers.js:95:19\n    at Object.getByLabelText (/home/usuario/Desktop/EFI/EFI-FrontEnd/src/components/__tests__/TableForm.test.jsx:64:21)\n    at Promise.finally.completed (/home/usuario/Desktop/EFI/EFI-FrontEnd/node_modules/jest-circus/build/jestAdapterInit.js:1557:28)\n    at new Promise (<anonymous>)\n    at callAsyncCircusFn (/home/usuario/Desktop/EFI/EFI-FrontEnd/node_modules/jest-circus/build/jestAdapterInit.js:1497:10)\n    at _callCircusTest (/home/usuario/Desktop/EFI/EFI-FrontEnd/node_modules/jest-circus/build/jestAdapterInit.js:1007:40)\n    at processTicksAndRejections (node:internal/process/task_queues:105:5)\n    at _runTest (/home/usuario/Desktop/EFI/EFI-FrontEnd/node_modules/jest-circus/build/jestAdapterInit.js:947:3)\n    at /home/usuario/Desktop/EFI/EFI-FrontEnd/node_modules/jest-circus/build/jestAdapterInit.js:849:7\n    at _runTestsForDescribeBlock (/home/usuario/Desktop/EFI/EFI-FrontEnd/node_modules/jest-circus/build/jestAdapterInit.js:862:11)\n    at _runTestsForDescribeBlock (/home/usuario/Desktop/EFI/EFI-FrontEnd/node_modules/jest-circus/build/jestAdapterInit.js:857:11)\n    at _runTestsForDescribeBlock (/home/usuario/Desktop/EFI/EFI-FrontEnd/node_modules/jest-circus/build/jestAdapterInit.js:857:11)\n    at run (/home/usuario/Desktop/EFI/EFI-FrontEnd/node_modules/jest-circus/build/jestAdapterInit.js:761:3)\n    at runAndTransformResultsToJestFormat (/home/usuario/Desktop/EFI/EFI-FrontEnd/node_modules/jest-circus/build/jestAdapterInit.js:1918:21)\n    at jestAdapter (/home/usuario/Desktop/EFI/EFI-FrontEnd/node_modules/jest-circus/build/runner.js:101:19)\n    at runTestInternal (/home/usuario/Desktop/EFI/EFI-FrontEnd/node_modules/jest-runner/build/testWorker.js:275:16)\n    at runTest (/home/usuario/Desktop/EFI/EFI-FrontEnd/node_modules/jest-runner/build/testWorker.js:343:7)\n    at Object.worker (/home/usuario/Desktop/EFI/EFI-FrontEnd/node_modules/jest-runner/build/testWorker.js:497:12)"],"fullName":"TableForm Initial render should render create form with default values","invocations":1,"location":null,"numPassingAsserts":1,"retryReasons":[],"startAt":1763494403200,"status":"failed","title":"should render create form with default values"},{"ancestorTitles":["TableForm","Initial render"],"duration":14,"failing":false,"failureDetails":[],"failureMessages":[],"fullName":"TableForm Initial render should render edit form with initial data","invocations":1,"location":null,"numPassingAsserts":6,"retryReasons":[],"startAt":1763494403247,"status":"passed","title":"should render edit form with initial data"},{"ancestorTitles":["TableForm","Initial render"],"duration":6,"failing":false,"failureDetails":[],"failureMessages":[],"fullName":"TableForm Initial render should initialize with default available value as true","invocations":1,"location":null,"numPassingAsserts":1,"retryReasons":[],"startAt":1763494403261,"status":"passed","title":"should initialize with default available value as true"},{"ancestorTitles":["TableForm","Form interactions"],"duration":7,"failing":false,"failureDetails":[{"name":"TestingLibraryElementError"}],"failureMessages":["TestingLibraryElementError: Found a label with the text of: Número, however no form control was found associated to that label. Make sure you're using the \"for\" attribute or \"aria-labelledby\" attribute correctly.\n\nIgnored nodes: comments, script, style\n\u001b[36m<body>\u001b[39m\n  \u001b[36m<div>\u001b[39m\n    \u001b[36m<div\u001b[39m\n      \u001b[33mdata-testid\u001b[39m=\u001b[32m\"paper\"\u001b[39m\n    \u001b[36m>\u001b[39m\n      \u001b[36m<div>\u001b[39m\n        \u001b[0mNueva Mesa\u001b[0m\n      \u001b[36m</div>\u001b[39m\n      \u001b[36m<div\u001b[39m\n        \u001b[33mcomponent\u001b[39m=\u001b[32m\"form\"\u001b[39m\n        \u001b[33msx\u001b[39m=\u001b[32m\"[object Object]\"\u001b[39m\n      \u001b[36m>\u001b[39m\n        \u001b[36m<div>\u001b[39m\n          \u001b[36m<label>\u001b[39m\n            \u001b[0mNúmero\u001b[0m\n          \u001b[36m</label>\u001b[39m\n          \u001b[36m<input\u001b[39m\n            \u001b[33mname\u001b[39m=\u001b[32m\"number\"\u001b[39m\n            \u001b[33mrequired\u001b[39m=\u001b[32m\"\"\u001b[39m\n            \u001b[33mtype\u001b[39m=\u001b[32m\"text\"\u001b[39m\n            \u001b[33mvalue\u001b[39m=\u001b[32m\"\"\u001b[39m\n          \u001b[36m/>\u001b[39m\n        \u001b[36m</div>\u001b[39m\n        \u001b[36m<div>\u001b[39m\n          \u001b[36m<label>\u001b[39m\n            \u001b[0mNombre\u001b[0m\n          \u001b[36m</label>\u001b[39m\n          \u001b[36m<input\u001b[39m\n            \u001b[33mname\u001b[39m=\u001b[32m\"name\"\u001b[39m\n            \u001b[33mrequired\u001b[39m=\u001b[32m\"\"\u001b[39m\n            \u001b[33mtype\u001b[39m=\u001b[32m\"text\"\u001b[39m\n            \u001b[33mvalue\u001b[39m=\u001b[32m\"\"\u001b[39m\n          \u001b[36m/>\u001b[39m\n        \u001b[36m</div>\u001b[39m\n        \u001b[36m<div>\u001b[39m\n          \u001b[36m<label>\u001b[39m\n            \u001b[0mCapacidad\u001b[0m\n          \u001b[36m</label>\u001b[39m\n          \u001b[36m<input\u001b[39m\n            \u001b[33mname\u001b[39m=\u001b[32m\"capacity\"\u001b[39m\n            \u001b[33mrequired\u001b[39m=\u001b[32m\"\"\u001b[39m\n            \u001b[33mtype\u001b[39m=\u001b[32m\"number\"\u001b[39m\n            \u001b[33mvalue\u001b[39m=\u001b[32m\"\"\u001b[39m\n          \u001b[36m/>\u001b[39m\n        \u001b[36m</div>\u001b[39m\n        \u001b[36m<div>\u001b[39m\n          \u001b[36m<label>\u001b[39m\n            \u001b[0mUbicación\u001b[0m\n          \u001b[36m</label>\u001b[39m\n          \u001b[36m<input\u001b[39m\n            \u001b[33mname\u001b[39m=\u001b[32m\"location\"\u001b[39m\n            \u001b[33mtype\u001b[39m=\u001b[32m\"text\"\u001b[39m\n            \u001b[33mvalue\u001b[39m=\u001b[32m\"\"\u001b[39m\n          \u001b[36m/>\u001b[39m\n        \u001b[36m</div>\u001b[39m\n        \u001b[36m<label>\u001b[39m\n          \u001b[36m<input\u001b[39m\n            \u001b[33mchecked\u001b[39m=\u001b[32m\"\"\u001b[39m\n            \u001b[33mdata-testid\u001b[39m=\u001b[32m\"available-switch\"\u001b[39m\n            \u001b[33mname\u001b[39m=\u001b[32m\"available\"\u001b[39m\n            \u001b[33mtype\u001b[39m=\u001b[32m\"checkbox\"\u001b[39m\n          \u001b[36m/>\u001b[39m\n          \u001b[0mDisponible\u001b[0m\n        \u001b[36m</label>\u001b[39m\n        \u001b[36m<div\u001b[39m\n          \u001b[33msx\u001b[39m=\u001b[32m\"[object Object]\"\u001b[39m\n        \u001b[36m>\u001b[39m\n          \u001b[36m<button\u001b[39m\n            \u001b[33mtype\u001b[39m=\u001b[32m\"submit\"\u001b[39m\n          \u001b[36m>\u001b[39m\n            \u001b[0mCrear\u001b[0m\n          \u001b[36m</button>\u001b[39m\n          \u001b[36m<button>\u001b[39m\n            \u001b[0mCancelar\u001b[0m\n          \u001b[36m</button>\u001b[39m\n        \u001b[36m</div>\u001b[39m\n      \u001b[36m</div>\u001b[39m\n    \u001b[36m</div>\u001b[39m\n  \u001b[36m</div>\u001b[39m\n\u001b[36m</body>\u001b[39m\n    at Object.getElementError (/home/usuario/Desktop/EFI/EFI-FrontEnd/node_modules/@testing-library/dom/dist/config.js:37:19)\n    at getAllByLabelText (/home/usuario/Desktop/EFI/EFI-FrontEnd/node_modules/@testing-library/dom/dist/queries/label-text.js:108:40)\n    at /home/usuario/Desktop/EFI/EFI-FrontEnd/node_modules/@testing-library/dom/dist/query-helpers.js:52:17\n    at /home/usuario/Desktop/EFI/EFI-FrontEnd/node_modules/@testing-library/dom/dist/query-helpers.js:95:19\n    at Object.getByLabelText (/home/usuario/Desktop/EFI/EFI-FrontEnd/src/components/__tests__/TableForm.test.jsx:117:34)\n    at Promise.finally.completed (/home/usuario/Desktop/EFI/EFI-FrontEnd/node_modules/jest-circus/build/jestAdapterInit.js:1557:28)\n    at new Promise (<anonymous>)\n    at callAsyncCircusFn (/home/usuario/Desktop/EFI/EFI-FrontEnd/node_modules/jest-circus/build/jestAdapterInit.js:1497:10)\n    at _callCircusTest (/home/usuario/Desktop/EFI/EFI-FrontEnd/node_modules/jest-circus/build/jestAdapterInit.js:1007:40)\n    at processTicksAndRejections (node:internal/process/task_queues:105:5)\n    at _runTest (/home/usuario/Desktop/EFI/EFI-FrontEnd/node_modules/jest-circus/build/jestAdapterInit.js:947:3)\n    at /home/usuario/Desktop/EFI/EFI-FrontEnd/node_modules/jest-circus/build/jestAdapterInit.js:849:7\n    at _runTestsForDescribeBlock (/home/usuario/Desktop/EFI/EFI-FrontEnd/node_modules/jest-circus/build/jestAdapterInit.js:862:11)\n    at _runTestsForDescribeBlock (/home/usuario/Desktop/EFI/EFI-FrontEnd/node_modules/jest-circus/build/jestAdapterInit.js:857:11)\n    at _runTestsForDescribeBlock (/home/usuario/Desktop/EFI/EFI-FrontEnd/node_modules/jest-circus/build/jestAdapterInit.js:857:11)\n    at run (/home/usuario/Desktop/EFI/EFI-FrontEnd/node_modules/jest-circus/build/jestAdapterInit.js:761:3)\n    at runAndTransformResultsToJestFormat (/home/usuario/Desktop/EFI/EFI-FrontEnd/node_modules/jest-circus/build/jestAdapterInit.js:1918:21)\n    at jestAdapter (/home/usuario/Desktop/EFI/EFI-FrontEnd/node_modules/jest-circus/build/runner.js:101:19)\n    at runTestInternal (/home/usuario/Desktop/EFI/EFI-FrontEnd/node_modules/jest-runner/build/testWorker.js:275:16)\n    at runTest (/home/usuario/Desktop/EFI/EFI-FrontEnd/node_modules/jest-runner/build/testWorker.js:343:7)\n    at Object.worker (/home/usuario/Desktop/EFI/EFI-FrontEnd/node_modules/jest-runner/build/testWorker.js:497:12)"],"fullName":"TableForm Form interactions should update form data when inputs change","invocations":1,"location":null,"numPassingAsserts":0,"retryReasons":[],"startAt":1763494403268,"status":"failed","title":"should update form data when inputs change"},{"ancestorTitles":["TableForm","Form interactions"],"duration":12,"failing":false,"failureDetails":[],"failureMessages":[],"fullName":"TableForm Form interactions should toggle available switch","invocations":1,"location":null,"numPassingAsserts":3,"retryReasons":[],"startAt":1763494403275,"status":"passed","title":"should toggle available switch"},{"ancestorTitles":["TableForm","Form validation"],"duration":1007,"failing":false,"failureDetails":[{"name":"TestingLibraryElementError"}],"failureMessages":["Error: Unable to find an element by: [data-testid=\"error-number\"]\n\nIgnored nodes: comments, script, style\n\u001b[36m<body>\u001b[39m\n  \u001b[36m<div>\u001b[39m\n    \u001b[36m<div\u001b[39m\n      \u001b[33mdata-testid\u001b[39m=\u001b[32m\"paper\"\u001b[39m\n    \u001b[36m>\u001b[39m\n      \u001b[36m<div>\u001b[39m\n        \u001b[0mNueva Mesa\u001b[0m\n      \u001b[36m</div>\u001b[39m\n      \u001b[36m<div\u001b[39m\n        \u001b[33mcomponent\u001b[39m=\u001b[32m\"form\"\u001b[39m\n        \u001b[33msx\u001b[39m=\u001b[32m\"[object Object]\"\u001b[39m\n      \u001b[36m>\u001b[39m\n        \u001b[36m<div>\u001b[39m\n          \u001b[36m<label>\u001b[39m\n            \u001b[0mNúmero\u001b[0m\n          \u001b[36m</label>\u001b[39m\n          \u001b[36m<input\u001b[39m\n            \u001b[33mname\u001b[39m=\u001b[32m\"number\"\u001b[39m\n            \u001b[33mrequired\u001b[39m=\u001b[32m\"\"\u001b[39m\n            \u001b[33mtype\u001b[39m=\u001b[32m\"text\"\u001b[39m\n            \u001b[33mvalue\u001b[39m=\u001b[32m\"\"\u001b[39m\n          \u001b[36m/>\u001b[39m\n        \u001b[36m</div>\u001b[39m\n        \u001b[36m<div>\u001b[39m\n          \u001b[36m<label>\u001b[39m\n            \u001b[0mNombre\u001b[0m\n          \u001b[36m</label>\u001b[39m\n          \u001b[36m<input\u001b[39m\n            \u001b[33mname\u001b[39m=\u001b[32m\"name\"\u001b[39m\n            \u001b[33mrequired\u001b[39m=\u001b[32m\"\"\u001b[39m\n            \u001b[33mtype\u001b[39m=\u001b[32m\"text\"\u001b[39m\n            \u001b[33mvalue\u001b[39m=\u001b[32m\"\"\u001b[39m\n          \u001b[36m/>\u001b[39m\n        \u001b[36m</div>\u001b[39m\n        \u001b[36m<div>\u001b[39m\n          \u001b[36m<label>\u001b[39m\n            \u001b[0mCapacidad\u001b[0m\n          \u001b[36m</label>\u001b[39m\n          \u001b[36m<input\u001b[39m\n            \u001b[33mname\u001b[39m=\u001b[32m\"capacity\"\u001b[39m\n            \u001b[33mrequired\u001b[39m=\u001b[32m\"\"\u001b[39m\n            \u001b[33mtype\u001b[39m=\u001b[32m\"number\"\u001b[39m\n            \u001b[33mvalue\u001b[39m=\u001b[32m\"\"\u001b[39m\n          \u001b[36m/>\u001b[39m\n        \u001b[36m</div>\u001b[39m\n        \u001b[36m<div>\u001b[39m\n          \u001b[36m<label>\u001b[39m\n            \u001b[0mUbicación\u001b[0m\n          \u001b[36m</label>\u001b[39m\n          \u001b[36m<input\u001b[39m\n            \u001b[33mname\u001b[39m=\u001b[32m\"location\"\u001b[39m\n            \u001b[33mtype\u001b[39m=\u001b[32m\"text\"\u001b[39m\n            \u001b[33mvalue\u001b[39m=\u001b[32m\"\"\u001b[39m\n          \u001b[36m/>\u001b[39m\n        \u001b[36m</div>\u001b[39m\n        \u001b[36m<label>\u001b[39m\n          \u001b[36m<input\u001b[39m\n            \u001b[33mchecked\u001b[39m=\u001b[32m\"\"\u001b[39m\n            \u001b[33mdata-testid\u001b[39m=\u001b[32m\"available-switch\"\u001b[39m\n            \u001b[33mname\u001b[39m=\u001b[32m\"available\"\u001b[39m\n            \u001b[33mtype\u001b[39m=\u001b[32m\"checkbox\"\u001b[39m\n          \u001b[36m/>\u001b[39m\n          \u001b[0mDisponible\u001b[0m\n        \u001b[36m</label>\u001b[39m\n        \u001b[36m<div\u001b[39m\n          \u001b[33msx\u001b[39m=\u001b[32m\"[object Object]\"\u001b[39m\n        \u001b[36m>\u001b[39m\n          \u001b[36m<button\u001b[39m\n            \u001b[33mtype\u001b[39m=\u001b[32m\"submit\"\u001b[39m\n          \u001b[36m>\u001b[39m\n            \u001b[0mCrear\u001b[0m\n          \u001b[36m</button>\u001b[39m\n          \u001b[36m<button>\u001b[39m\n            \u001b[0mCancelar\u001b[0m\n          \u001b[36m</button>\u001b[39m\n        \u001b[36m</div>\u001b[39m\n      \u001b[36m</div>\u001b[39m\n    \u001b[36m</div>\u001b[39m\n  \u001b[36m</div>\u001b[39m\n\u001b[36m</body>\u001b[39m\n    at waitForWrapper (/home/usuario/Desktop/EFI/EFI-FrontEnd/node_modules/@testing-library/dom/dist/wait-for.js:163:27)\n    at Object.<anonymous> (/home/usuario/Desktop/EFI/EFI-FrontEnd/src/components/__tests__/TableForm.test.jsx:164:20)\n    at Promise.finally.completed (/home/usuario/Desktop/EFI/EFI-FrontEnd/node_modules/jest-circus/build/jestAdapterInit.js:1557:28)\n    at new Promise (<anonymous>)\n    at callAsyncCircusFn (/home/usuario/Desktop/EFI/EFI-FrontEnd/node_modules/jest-circus/build/jestAdapterInit.js:1497:10)\n    at _callCircusTest (/home/usuario/Desktop/EFI/EFI-FrontEnd/node_modules/jest-circus/build/jestAdapterInit.js:1007:40)\n    at processTicksAndRejections (node:internal/process/task_queues:105:5)\n    at _runTest (/home/usuario/Desktop/EFI/EFI-FrontEnd/node_modules/jest-circus/build/jestAdapterInit.js:947:3)\n    at /home/usuario/Desktop/EFI/EFI-FrontEnd/node_modules/jest-circus/build/jestAdapterInit.js:849:7\n    at _runTestsForDescribeBlock (/home/usuario/Desktop/EFI/EFI-FrontEnd/node_modules/jest-circus/build/jestAdapterInit.js:862:11)\n    at _runTestsForDescribeBlock (/home/usuario/Desktop/EFI/EFI-FrontEnd/node_modules/jest-circus/build/jestAdapterInit.js:857:11)\n    at _runTestsForDescribeBlock (/home/usuario/Desktop/EFI/EFI-FrontEnd/node_modules/jest-circus/build/jestAdapterInit.js:857:11)\n    at run (/home/usuario/Desktop/EFI/EFI-FrontEnd/node_modules/jest-circus/build/jestAdapterInit.js:761:3)\n    at runAndTransformResultsToJestFormat (/home/usuario/Desktop/EFI/EFI-FrontEnd/node_modules/jest-circus/build/jestAdapterInit.js:1918:21)\n    at jestAdapter (/home/usuario/Desktop/EFI/EFI-FrontEnd/node_modules/jest-circus/build/runner.js:101:19)\n    at runTestInternal (/home/usuario/Desktop/EFI/EFI-FrontEnd/node_modules/jest-runner/build/testWorker.js:275:16)\n    at runTest (/home/usuario/Desktop/EFI/EFI-FrontEnd/node_modules/jest-runner/build/testWorker.js:343:7)\n    at Object.worker (/home/usuario/Desktop/EFI/EFI-FrontEnd/node_modules/jest-runner/build/testWorker.js:497:12)"],"fullName":"TableForm Form validation should show validation errors for required fields","invocations":1,"location":null,"numPassingAsserts":0,"retryReasons":[],"startAt":1763494403287,"status":"failed","title":"should show validation errors for required fields"},{"ancestorTitles":["TableForm","Form validation"],"duration":5,"failing":false,"failureDetails":[{"name":"TestingLibraryElementError"}],"failureMessages":["TestingLibraryElementError: Unable to find an element by: [data-testid=\"error-number\"]\n\nIgnored nodes: comments, script, style\n\u001b[36m<body>\u001b[39m\n  \u001b[36m<div>\u001b[39m\n    \u001b[36m<div\u001b[39m\n      \u001b[33mdata-testid\u001b[39m=\u001b[32m\"paper\"\u001b[39m\n    \u001b[36m>\u001b[39m\n      \u001b[36m<div>\u001b[39m\n        \u001b[0mNueva Mesa\u001b[0m\n      \u001b[36m</div>\u001b[39m\n      \u001b[36m<div\u001b[39m\n        \u001b[33mcomponent\u001b[39m=\u001b[32m\"form\"\u001b[39m\n        \u001b[33msx\u001b[39m=\u001b[32m\"[object Object]\"\u001b[39m\n      \u001b[36m>\u001b[39m\n        \u001b[36m<div>\u001b[39m\n          \u001b[36m<label>\u001b[39m\n            \u001b[0mNúmero\u001b[0m\n          \u001b[36m</label>\u001b[39m\n          \u001b[36m<input\u001b[39m\n            \u001b[33mname\u001b[39m=\u001b[32m\"number\"\u001b[39m\n            \u001b[33mrequired\u001b[39m=\u001b[32m\"\"\u001b[39m\n            \u001b[33mtype\u001b[39m=\u001b[32m\"text\"\u001b[39m\n            \u001b[33mvalue\u001b[39m=\u001b[32m\"\"\u001b[39m\n          \u001b[36m/>\u001b[39m\n        \u001b[36m</div>\u001b[39m\n        \u001b[36m<div>\u001b[39m\n          \u001b[36m<label>\u001b[39m\n            \u001b[0mNombre\u001b[0m\n          \u001b[36m</label>\u001b[39m\n          \u001b[36m<input\u001b[39m\n            \u001b[33mname\u001b[39m=\u001b[32m\"name\"\u001b[39m\n            \u001b[33mrequired\u001b[39m=\u001b[32m\"\"\u001b[39m\n            \u001b[33mtype\u001b[39m=\u001b[32m\"text\"\u001b[39m\n            \u001b[33mvalue\u001b[39m=\u001b[32m\"\"\u001b[39m\n          \u001b[36m/>\u001b[39m\n        \u001b[36m</div>\u001b[39m\n        \u001b[36m<div>\u001b[39m\n          \u001b[36m<label>\u001b[39m\n            \u001b[0mCapacidad\u001b[0m\n          \u001b[36m</label>\u001b[39m\n          \u001b[36m<input\u001b[39m\n            \u001b[33mname\u001b[39m=\u001b[32m\"capacity\"\u001b[39m\n            \u001b[33mrequired\u001b[39m=\u001b[32m\"\"\u001b[39m\n            \u001b[33mtype\u001b[39m=\u001b[32m\"number\"\u001b[39m\n            \u001b[33mvalue\u001b[39m=\u001b[32m\"\"\u001b[39m\n          \u001b[36m/>\u001b[39m\n        \u001b[36m</div>\u001b[39m\n        \u001b[36m<div>\u001b[39m\n          \u001b[36m<label>\u001b[39m\n            \u001b[0mUbicación\u001b[0m\n          \u001b[36m</label>\u001b[39m\n          \u001b[36m<input\u001b[39m\n            \u001b[33mname\u001b[39m=\u001b[32m\"location\"\u001b[39m\n            \u001b[33mtype\u001b[39m=\u001b[32m\"text\"\u001b[39m\n            \u001b[33mvalue\u001b[39m=\u001b[32m\"\"\u001b[39m\n          \u001b[36m/>\u001b[39m\n        \u001b[36m</div>\u001b[39m\n        \u001b[36m<label>\u001b[39m\n          \u001b[36m<input\u001b[39m\n            \u001b[33mchecked\u001b[39m=\u001b[32m\"\"\u001b[39m\n            \u001b[33mdata-testid\u001b[39m=\u001b[32m\"available-switch\"\u001b[39m\n            \u001b[33mname\u001b[39m=\u001b[32m\"available\"\u001b[39m\n            \u001b[33mtype\u001b[39m=\u001b[32m\"checkbox\"\u001b[39m\n          \u001b[36m/>\u001b[39m\n          \u001b[0mDisponible\u001b[0m\n        \u001b[36m</label>\u001b[39m\n        \u001b[36m<div\u001b[39m\n          \u001b[33msx\u001b[39m=\u001b[32m\"[object Object]\"\u001b[39m\n        \u001b[36m>\u001b[39m\n          \u001b[36m<button\u001b[39m\n            \u001b[33mtype\u001b[39m=\u001b[32m\"submit\"\u001b[39m\n          \u001b[36m>\u001b[39m\n            \u001b[0mCrear\u001b[0m\n          \u001b[36m</button>\u001b[39m\n          \u001b[36m<button>\u001b[39m\n            \u001b[0mCancelar\u001b[0m\n          \u001b[36m</button>\u001b[39m\n        \u001b[36m</div>\u001b[39m\n      \u001b[36m</div>\u001b[39m\n    \u001b[36m</div>\u001b[39m\n  \u001b[36m</div>\u001b[39m\n\u001b[36m</body>\u001b[39m\n    at Object.getElementError (/home/usuario/Desktop/EFI/EFI-FrontEnd/node_modules/@testing-library/dom/dist/config.js:37:19)\n    at /home/usuario/Desktop/EFI/EFI-FrontEnd/node_modules/@testing-library/dom/dist/query-helpers.js:76:38\n    at /home/usuario/Desktop/EFI/EFI-FrontEnd/node_modules/@testing-library/dom/dist/query-helpers.js:52:17\n    at /home/usuario/Desktop/EFI/EFI-FrontEnd/node_modules/@testing-library/dom/dist/query-helpers.js:95:19\n    at Object.getByTestId (/home/usuario/Desktop/EFI/EFI-FrontEnd/src/components/__tests__/TableForm.test.jsx:184:21)\n    at Promise.finally.completed (/home/usuario/Desktop/EFI/EFI-FrontEnd/node_modules/jest-circus/build/jestAdapterInit.js:1557:28)\n    at new Promise (<anonymous>)\n    at callAsyncCircusFn (/home/usuario/Desktop/EFI/EFI-FrontEnd/node_modules/jest-circus/build/jestAdapterInit.js:1497:10)\n    at _callCircusTest (/home/usuario/Desktop/EFI/EFI-FrontEnd/node_modules/jest-circus/build/jestAdapterInit.js:1007:40)\n    at _runTest (/home/usuario/Desktop/EFI/EFI-FrontEnd/node_modules/jest-circus/build/jestAdapterInit.js:947:3)\n    at /home/usuario/Desktop/EFI/EFI-FrontEnd/node_modules/jest-circus/build/jestAdapterInit.js:849:7\n    at _runTestsForDescribeBlock (/home/usuario/Desktop/EFI/EFI-FrontEnd/node_modules/jest-circus/build/jestAdapterInit.js:862:11)\n    at _runTestsForDescribeBlock (/home/usuario/Desktop/EFI/EFI-FrontEnd/node_modules/jest-circus/build/jestAdapterInit.js:857:11)\n    at _runTestsForDescribeBlock (/home/usuario/Desktop/EFI/EFI-FrontEnd/node_modules/jest-circus/build/jestAdapterInit.js:857:11)\n    at run (/home/usuario/Desktop/EFI/EFI-FrontEnd/node_modules/jest-circus/build/jestAdapterInit.js:761:3)\n    at runAndTransformResultsToJestFormat (/home/usuario/Desktop/EFI/EFI-FrontEnd/node_modules/jest-circus/build/jestAdapterInit.js:1918:21)\n    at jestAdapter (/home/usuario/Desktop/EFI/EFI-FrontEnd/node_modules/jest-circus/build/runner.js:101:19)\n    at runTestInternal (/home/usuario/Desktop/EFI/EFI-FrontEnd/node_modules/jest-runner/build/testWorker.js:275:16)\n    at runTest (/home/usuario/Desktop/EFI/EFI-FrontEnd/node_modules/jest-runner/build/testWorker.js:343:7)\n    at Object.worker (/home/usuario/Desktop/EFI/EFI-FrontEnd/node_modules/jest-runner/build/testWorker.js:497:12)"],"fullName":"TableForm Form validation should clear validation errors when fields are filled","invocations":1,"location":null,"numPassingAsserts":0,"retryReasons":[],"startAt":1763494404294,"status":"failed","title":"should clear validation errors when fields are filled"},{"ancestorTitles":["TableForm","Form submission"],"duration":4,"failing":false,"failureDetails":[{"name":"TestingLibraryElementError"}],"failureMessages":["TestingLibraryElementError: Found a label with the text of: Número, however no form control was found associated to that label. Make sure you're using the \"for\" attribute or \"aria-labelledby\" attribute correctly.\n\nIgnored nodes: comments, script, style\n\u001b[36m<body>\u001b[39m\n  \u001b[36m<div>\u001b[39m\n    \u001b[36m<div\u001b[39m\n      \u001b[33mdata-testid\u001b[39m=\u001b[32m\"paper\"\u001b[39m\n    \u001b[36m>\u001b[39m\n      \u001b[36m<div>\u001b[39m\n        \u001b[0mNueva Mesa\u001b[0m\n      \u001b[36m</div>\u001b[39m\n      \u001b[36m<div\u001b[39m\n        \u001b[33mcomponent\u001b[39m=\u001b[32m\"form\"\u001b[39m\n        \u001b[33msx\u001b[39m=\u001b[32m\"[object Object]\"\u001b[39m\n      \u001b[36m>\u001b[39m\n        \u001b[36m<div>\u001b[39m\n          \u001b[36m<label>\u001b[39m\n            \u001b[0mNúmero\u001b[0m\n          \u001b[36m</label>\u001b[39m\n          \u001b[36m<input\u001b[39m\n            \u001b[33mname\u001b[39m=\u001b[32m\"number\"\u001b[39m\n            \u001b[33mrequired\u001b[39m=\u001b[32m\"\"\u001b[39m\n            \u001b[33mtype\u001b[39m=\u001b[32m\"text\"\u001b[39m\n            \u001b[33mvalue\u001b[39m=\u001b[32m\"\"\u001b[39m\n          \u001b[36m/>\u001b[39m\n        \u001b[36m</div>\u001b[39m\n        \u001b[36m<div>\u001b[39m\n          \u001b[36m<label>\u001b[39m\n            \u001b[0mNombre\u001b[0m\n          \u001b[36m</label>\u001b[39m\n          \u001b[36m<input\u001b[39m\n            \u001b[33mname\u001b[39m=\u001b[32m\"name\"\u001b[39m\n            \u001b[33mrequired\u001b[39m=\u001b[32m\"\"\u001b[39m\n            \u001b[33mtype\u001b[39m=\u001b[32m\"text\"\u001b[39m\n            \u001b[33mvalue\u001b[39m=\u001b[32m\"\"\u001b[39m\n          \u001b[36m/>\u001b[39m\n        \u001b[36m</div>\u001b[39m\n        \u001b[36m<div>\u001b[39m\n          \u001b[36m<label>\u001b[39m\n            \u001b[0mCapacidad\u001b[0m\n          \u001b[36m</label>\u001b[39m\n          \u001b[36m<input\u001b[39m\n            \u001b[33mname\u001b[39m=\u001b[32m\"capacity\"\u001b[39m\n            \u001b[33mrequired\u001b[39m=\u001b[32m\"\"\u001b[39m\n            \u001b[33mtype\u001b[39m=\u001b[32m\"number\"\u001b[39m\n            \u001b[33mvalue\u001b[39m=\u001b[32m\"\"\u001b[39m\n          \u001b[36m/>\u001b[39m\n        \u001b[36m</div>\u001b[39m\n        \u001b[36m<div>\u001b[39m\n          \u001b[36m<label>\u001b[39m\n            \u001b[0mUbicación\u001b[0m\n          \u001b[36m</label>\u001b[39m\n          \u001b[36m<input\u001b[39m\n            \u001b[33mname\u001b[39m=\u001b[32m\"location\"\u001b[39m\n            \u001b[33mtype\u001b[39m=\u001b[32m\"text\"\u001b[39m\n            \u001b[33mvalue\u001b[39m=\u001b[32m\"\"\u001b[39m\n          \u001b[36m/>\u001b[39m\n        \u001b[36m</div>\u001b[39m\n        \u001b[36m<label>\u001b[39m\n          \u001b[36m<input\u001b[39m\n            \u001b[33mchecked\u001b[39m=\u001b[32m\"\"\u001b[39m\n            \u001b[33mdata-testid\u001b[39m=\u001b[32m\"available-switch\"\u001b[39m\n            \u001b[33mname\u001b[39m=\u001b[32m\"available\"\u001b[39m\n            \u001b[33mtype\u001b[39m=\u001b[32m\"checkbox\"\u001b[39m\n          \u001b[36m/>\u001b[39m\n          \u001b[0mDisponible\u001b[0m\n        \u001b[36m</label>\u001b[39m\n        \u001b[36m<div\u001b[39m\n          \u001b[33msx\u001b[39m=\u001b[32m\"[object Object]\"\u001b[39m\n        \u001b[36m>\u001b[39m\n          \u001b[36m<button\u001b[39m\n            \u001b[33mtype\u001b[39m=\u001b[32m\"submit\"\u001b[39m\n          \u001b[36m>\u001b[39m\n            \u001b[0mCrear\u001b[0m\n          \u001b[36m</button>\u001b[39m\n          \u001b[36m<button>\u001b[39m\n            \u001b[0mCancelar\u001b[0m\n          \u001b[36m</button>\u001b[39m\n        \u001b[36m</div>\u001b[39m\n      \u001b[36m</div>\u001b[39m\n    \u001b[36m</div>\u001b[39m\n  \u001b[36m</div>\u001b[39m\n\u001b[36m</body>\u001b[39m\n    at Object.getElementError (/home/usuario/Desktop/EFI/EFI-FrontEnd/node_modules/@testing-library/dom/dist/config.js:37:19)\n    at getAllByLabelText (/home/usuario/Desktop/EFI/EFI-FrontEnd/node_modules/@testing-library/dom/dist/queries/label-text.js:108:40)\n    at /home/usuario/Desktop/EFI/EFI-FrontEnd/node_modules/@testing-library/dom/dist/query-helpers.js:52:17\n    at /home/usuario/Desktop/EFI/EFI-FrontEnd/node_modules/@testing-library/dom/dist/query-helpers.js:95:19\n    at Object.getByLabelText (/home/usuario/Desktop/EFI/EFI-FrontEnd/src/components/__tests__/TableForm.test.jsx:214:34)\n    at Promise.finally.completed (/home/usuario/Desktop/EFI/EFI-FrontEnd/node_modules/jest-circus/build/jestAdapterInit.js:1557:28)\n    at new Promise (<anonymous>)\n    at callAsyncCircusFn (/home/usuario/Desktop/EFI/EFI-FrontEnd/node_modules/jest-circus/build/jestAdapterInit.js:1497:10)\n    at _callCircusTest (/home/usuario/Desktop/EFI/EFI-FrontEnd/node_modules/jest-circus/build/jestAdapterInit.js:1007:40)\n    at _runTest (/home/usuario/Desktop/EFI/EFI-FrontEnd/node_modules/jest-circus/build/jestAdapterInit.js:947:3)\n    at /home/usuario/Desktop/EFI/EFI-FrontEnd/node_modules/jest-circus/build/jestAdapterInit.js:849:7\n    at _runTestsForDescribeBlock (/home/usuario/Desktop/EFI/EFI-FrontEnd/node_modules/jest-circus/build/jestAdapterInit.js:862:11)\n    at _runTestsForDescribeBlock (/home/usuario/Desktop/EFI/EFI-FrontEnd/node_modules/jest-circus/build/jestAdapterInit.js:857:11)\n    at _runTestsForDescribeBlock (/home/usuario/Desktop/EFI/EFI-FrontEnd/node_modules/jest-circus/build/jestAdapterInit.js:857:11)\n    at run (/home/usuario/Desktop/EFI/EFI-FrontEnd/node_modules/jest-circus/build/jestAdapterInit.js:761:3)\n    at runAndTransformResultsToJestFormat (/home/usuario/Desktop/EFI/EFI-FrontEnd/node_modules/jest-circus/build/jestAdapterInit.js:1918:21)\n    at jestAdapter (/home/usuario/Desktop/EFI/EFI-FrontEnd/node_modules/jest-circus/build/runner.js:101:19)\n    at runTestInternal (/home/usuario/Desktop/EFI/EFI-FrontEnd/node_modules/jest-runner/build/testWorker.js:275:16)\n    at runTest (/home/usuario/Desktop/EFI/EFI-FrontEnd/node_modules/jest-runner/build/testWorker.js:343:7)\n    at Object.worker (/home/usuario/Desktop/EFI/EFI-FrontEnd/node_modules/jest-runner/build/testWorker.js:497:12)"],"fullName":"TableForm Form submission should submit form with correct data for create","invocations":1,"location":null,"numPassingAsserts":0,"retryReasons":[],"startAt":1763494404300,"status":"failed","title":"should submit form with correct data for create"},{"ancestorTitles":["TableForm","Form submission"],"duration":10,"failing":false,"failureDetails":[{"matcherResult":{"message":"\u001b[2mexpect(\u001b[22m\u001b[31mjest.fn()\u001b[39m\u001b[2m).\u001b[22mtoHaveBeenCalledWith\u001b[2m(\u001b[22m\u001b[32m...expected\u001b[39m\u001b[2m)\u001b[22m\n\nExpected: \u001b[32m{\"available\": true, \"capacity\": 6, \"id\": 1, \"location\": \"Old Location\", \"name\": \"Updated Name\", \"number\": \"1\"}\u001b[39m\n\nNumber of calls: \u001b[31m0\u001b[39m","pass":false}}],"failureMessages":["Error: \u001b[2mexpect(\u001b[22m\u001b[31mjest.fn()\u001b[39m\u001b[2m).\u001b[22mtoHaveBeenCalledWith\u001b[2m(\u001b[22m\u001b[32m...expected\u001b[39m\u001b[2m)\u001b[22m\n\nExpected: \u001b[32m{\"available\": true, \"capacity\": 6, \"id\": 1, \"location\": \"Old Location\", \"name\": \"Updated Name\", \"number\": \"1\"}\u001b[39m\n\nNumber of calls: \u001b[31m0\u001b[39m\n    at Object.toHaveBeenCalledWith (/home/usuario/Desktop/EFI/EFI-FrontEnd/src/components/__tests__/TableForm.test.jsx:268:28)\n    at Promise.finally.completed (/home/usuario/Desktop/EFI/EFI-FrontEnd/node_modules/jest-circus/build/jestAdapterInit.js:1557:28)\n    at new Promise (<anonymous>)\n    at callAsyncCircusFn (/home/usuario/Desktop/EFI/EFI-FrontEnd/node_modules/jest-circus/build/jestAdapterInit.js:1497:10)\n    at _callCircusTest (/home/usuario/Desktop/EFI/EFI-FrontEnd/node_modules/jest-circus/build/jestAdapterInit.js:1007:40)\n    at _runTest (/home/usuario/Desktop/EFI/EFI-FrontEnd/node_modules/jest-circus/build/jestAdapterInit.js:947:3)\n    at /home/usuario/Desktop/EFI/EFI-FrontEnd/node_modules/jest-circus/build/jestAdapterInit.js:849:7\n    at _runTestsForDescribeBlock (/home/usuario/Desktop/EFI/EFI-FrontEnd/node_modules/jest-circus/build/jestAdapterInit.js:862:11)\n    at _runTestsForDescribeBlock (/home/usuario/Desktop/EFI/EFI-FrontEnd/node_modules/jest-circus/build/jestAdapterInit.js:857:11)\n    at _runTestsForDescribeBlock (/home/usuario/Desktop/EFI/EFI-FrontEnd/node_modules/jest-circus/build/jestAdapterInit.js:857:11)\n    at run (/home/usuario/Desktop/EFI/EFI-FrontEnd/node_modules/jest-circus/build/jestAdapterInit.js:761:3)\n    at runAndTransformResultsToJestFormat (/home/usuario/Desktop/EFI/EFI-FrontEnd/node_modules/jest-circus/build/jestAdapterInit.js:1918:21)\n    at jestAdapter (/home/usuario/Desktop/EFI/EFI-FrontEnd/node_modules/jest-circus/build/runner.js:101:19)\n    at runTestInternal (/home/usuario/Desktop/EFI/EFI-FrontEnd/node_modules/jest-runner/build/testWorker.js:275:16)\n    at runTest (/home/usuario/Desktop/EFI/EFI-FrontEnd/node_modules/jest-runner/build/testWorker.js:343:7)\n    at Object.worker (/home/usuario/Desktop/EFI/EFI-FrontEnd/node_modules/jest-runner/build/testWorker.js:497:12)"],"fullName":"TableForm Form submission should submit form with correct data for update","invocations":1,"location":null,"numPassingAsserts":0,"retryReasons":[],"startAt":1763494404304,"status":"failed","title":"should submit form with correct data for update"},{"ancestorTitles":["TableForm","Form submission"],"duration":5,"failing":false,"failureDetails":[],"failureMessages":[],"fullName":"TableForm Form submission should disable submit button when loading","invocations":1,"location":null,"numPassingAsserts":1,"retryReasons":[],"startAt":1763494404314,"status":"passed","title":"should disable submit button when loading"},{"ancestorTitles":["TableForm","Cancel functionality"],"duration":6,"failing":false,"failureDetails":[],"failureMessages":[],"fullName":"TableForm Cancel functionality should call onCancel when cancel button is clicked","invocations":1,"location":null,"numPassingAsserts":1,"retryReasons":[],"startAt":1763494404319,"status":"passed","title":"should call onCancel when cancel button is clicked"},{"ancestorTitles":["TableForm","Cancel functionality"],"duration":4,"failing":false,"failureDetails":[],"failureMessages":[],"fullName":"TableForm Cancel functionality should not show cancel button when onCancel is not provided","invocations":1,"location":null,"numPassingAsserts":1,"retryReasons":[],"startAt":1763494404325,"status":"passed","title":"should not show cancel button when onCancel is not provided"},{"ancestorTitles":["TableForm","Form reset on initialData change"],"duration":6,"failing":false,"failureDetails":[],"failureMessages":[],"fullName":"TableForm Form reset on initialData change should reset form when initialData changes","invocations":1,"location":null,"numPassingAsserts":4,"retryReasons":[],"startAt":1763494404329,"status":"passed","title":"should reset form when initialData changes"}],"endTime":1763494404362,"message":"\u001b[1m\u001b[31m  \u001b[1m● \u001b[22m\u001b[1mTableForm › Initial render › should render create form with default values\u001b[39m\u001b[22m\n\n    TestingLibraryElementError: Found a label with the text of: Número, however no form control was found associated to that label. Make sure you're using the \"for\" attribute or \"aria-labelledby\" attribute correctly.\n\n    Ignored nodes: comments, script, style\n    \u001b[36m<body>\u001b[39m\n      \u001b[36m<div>\u001b[39m\n        \u001b[36m<div\u001b[39m\n          \u001b[33mdata-testid\u001b[39m=\u001b[32m\"paper\"\u001b[39m\n        \u001b[36m>\u001b[39m\n          \u001b[36m<div>\u001b[39m\n            \u001b[0mNueva Mesa\u001b[0m\n          \u001b[36m</div>\u001b[39m\n          \u001b[36m<div\u001b[39m\n            \u001b[33mcomponent\u001b[39m=\u001b[32m\"form\"\u001b[39m\n            \u001b[33msx\u001b[39m=\u001b[32m\"[object Object]\"\u001b[39m\n          \u001b[36m>\u001b[39m\n            \u001b[36m<div>\u001b[39m\n              \u001b[36m<label>\u001b[39m\n                \u001b[0mNúmero\u001b[0m\n              \u001b[36m</label>\u001b[39m\n              \u001b[36m<input\u001b[39m\n                \u001b[33mname\u001b[39m=\u001b[32m\"number\"\u001b[39m\n                \u001b[33mrequired\u001b[39m=\u001b[32m\"\"\u001b[39m\n                \u001b[33mtype\u001b[39m=\u001b[32m\"text\"\u001b[39m\n                \u001b[33mvalue\u001b[39m=\u001b[32m\"\"\u001b[39m\n              \u001b[36m/>\u001b[39m\n            \u001b[36m</div>\u001b[39m\n            \u001b[36m<div>\u001b[39m\n              \u001b[36m<label>\u001b[39m\n                \u001b[0mNombre\u001b[0m\n              \u001b[36m</label>\u001b[39m\n              \u001b[36m<input\u001b[39m\n                \u001b[33mname\u001b[39m=\u001b[32m\"name\"\u001b[39m\n                \u001b[33mrequired\u001b[39m=\u001b[32m\"\"\u001b[39m\n                \u001b[33mtype\u001b[39m=\u001b[32m\"text\"\u001b[39m\n                \u001b[33mvalue\u001b[39m=\u001b[32m\"\"\u001b[39m\n              \u001b[36m/>\u001b[39m\n            \u001b[36m</div>\u001b[39m\n            \u001b[36m<div>\u001b[39m\n              \u001b[36m<label>\u001b[39m\n                \u001b[0mCapacidad\u001b[0m\n              \u001b[36m</label>\u001b[39m\n              \u001b[36m<input\u001b[39m\n                \u001b[33mname\u001b[39m=\u001b[32m\"capacity\"\u001b[39m\n                \u001b[33mrequired\u001b[39m=\u001b[32m\"\"\u001b[39m\n                \u001b[33mtype\u001b[39m=\u001b[32m\"number\"\u001b[39m\n                \u001b[33mvalue\u001b[39m=\u001b[32m\"\"\u001b[39m\n              \u001b[36m/>\u001b[39m\n            \u001b[36m</div>\u001b[39m\n            \u001b[36m<div>\u001b[39m\n              \u001b[36m<label>\u001b[39m\n                \u001b[0mUbicación\u001b[0m\n              \u001b[36m</label>\u001b[39m\n              \u001b[36m<input\u001b[39m\n                \u001b[33mname\u001b[39m=\u001b[32m\"location\"\u001b[39m\n                \u001b[33mtype\u001b[39m=\u001b[32m\"text\"\u001b[39m\n                \u001b[33mvalue\u001b[39m=\u001b[32m\"\"\u001b[39m\n              \u001b[36m/>\u001b[39m\n            \u001b[36m</div>\u001b[39m\n            \u001b[36m<label>\u001b[39m\n              \u001b[36m<input\u001b[39m\n                \u001b[33mchecked\u001b[39m=\u001b[32m\"\"\u001b[39m\n                \u001b[33mdata-testid\u001b[39m=\u001b[32m\"available-switch\"\u001b[39m\n                \u001b[33mname\u001b[39m=\u001b[32m\"available\"\u001b[39m\n                \u001b[33mtype\u001b[39m=\u001b[32m\"checkbox\"\u001b[39m\n              \u001b[36m/>\u001b[39m\n              \u001b[0mDisponible\u001b[0m\n            \u001b[36m</label>\u001b[39m\n            \u001b[36m<div\u001b[39m\n              \u001b[33msx\u001b[39m=\u001b[32m\"[object Object]\"\u001b[39m\n            \u001b[36m>\u001b[39m\n              \u001b[36m<button\u001b[39m\n                \u001b[33mtype\u001b[39m=\u001b[32m\"submit\"\u001b[39m\n              \u001b[36m>\u001b[39m\n                \u001b[0mCrear\u001b[0m\n              \u001b[36m</button>\u001b[39m\n              \u001b[36m<button>\u001b[39m\n                \u001b[0mCancelar\u001b[0m\n              \u001b[36m</button>\u001b[39m\n            \u001b[36m</div>\u001b[39m\n          \u001b[36m</div>\u001b[39m\n        \u001b[36m</div>\u001b[39m\n      \u001b[36m</div>\u001b[39m\n    \u001b[36m</body>\u001b[39m\n\u001b[2m\u001b[22m\n\u001b[2m    \u001b[0m \u001b[90m 62 |\u001b[39m\u001b[22m\n\u001b[2m     \u001b[90m 63 |\u001b[39m       expect(screen\u001b[33m.\u001b[39mgetByText(\u001b[32m'Nueva Mesa'\u001b[39m))\u001b[33m.\u001b[39mtoBeInTheDocument()\u001b[33m;\u001b[39m\u001b[22m\n\u001b[2m    \u001b[31m\u001b[1m>\u001b[22m\u001b[2m\u001b[39m\u001b[90m 64 |\u001b[39m       expect(screen\u001b[33m.\u001b[39mgetByLabelText(\u001b[32m'Número'\u001b[39m))\u001b[33m.\u001b[39mtoBeInTheDocument()\u001b[33m;\u001b[39m\u001b[22m\n\u001b[2m     \u001b[90m    |\u001b[39m                     \u001b[31m\u001b[1m^\u001b[22m\u001b[2m\u001b[39m\u001b[22m\n\u001b[2m     \u001b[90m 65 |\u001b[39m       expect(screen\u001b[33m.\u001b[39mgetByText(\u001b[32m'Crear'\u001b[39m))\u001b[33m.\u001b[39mtoBeInTheDocument()\u001b[33m;\u001b[39m\u001b[22m\n\u001b[2m     \u001b[90m 66 |\u001b[39m       expect(screen\u001b[33m.\u001b[39mgetByText(\u001b[32m'Cancelar'\u001b[39m))\u001b[33m.\u001b[39mtoBeInTheDocument()\u001b[33m;\u001b[39m\u001b[22m\n\u001b[2m     \u001b[90m 67 |\u001b[39m     })\u001b[33m;\u001b[39m\u001b[0m\u001b[22m\n\u001b[2m\u001b[22m\n\u001b[2m      \u001b[2mat Object.getElementError (\u001b[22m\u001b[2mnode_modules/@testing-library/dom/dist/config.js\u001b[2m:37:19)\u001b[22m\u001b[2m\u001b[22m\n\u001b[2m      \u001b[2mat getAllByLabelText (\u001b[22m\u001b[2mnode_modules/@testing-library/dom/dist/queries/label-text.js\u001b[2m:108:40)\u001b[22m\u001b[2m\u001b[22m\n\u001b[2m      \u001b[2mat \u001b[22m\u001b[2mnode_modules/@testing-library/dom/dist/query-helpers.js\u001b[2m:52:17\u001b[22m\u001b[2m\u001b[22m\n\u001b[2m      \u001b[2mat \u001b[22m\u001b[2mnode_modules/@testing-library/dom/dist/query-helpers.js\u001b[2m:95:19\u001b[22m\u001b[2m\u001b[22m\n\u001b[2m      \u001b[2mat Object.getByLabelText (\u001b[22m\u001b[2m\u001b[0m\u001b[36msrc/components/__tests__/TableForm.test.jsx\u001b[39m\u001b[0m\u001b[2m:64:21)\u001b[22m\u001b[2m\u001b[22m\n\n\u001b[1m\u001b[31m  \u001b[1m● \u001b[22m\u001b[1mTableForm › Form interactions › should update form data when inputs change\u001b[39m\u001b[22m\n\n    TestingLibraryElementError: Found a label with the text of: Número, however no form control was found associated to that label. Make sure you're using the \"for\" attribute or \"aria-labelledby\" attribute correctly.\n\n    Ignored nodes: comments, script, style\n    \u001b[36m<body>\u001b[39m\n      \u001b[36m<div>\u001b[39m\n        \u001b[36m<div\u001b[39m\n          \u001b[33mdata-testid\u001b[39m=\u001b[32m\"paper\"\u001b[39m\n        \u001b[36m>\u001b[39m\n          \u001b[36m<div>\u001b[39m\n            \u001b[0mNueva Mesa\u001b[0m\n          \u001b[36m</div>\u001b[39m\n          \u001b[36m<div\u001b[39m\n            \u001b[33mcomponent\u001b[39m=\u001b[32m\"form\"\u001b[39m\n            \u001b[33msx\u001b[39m=\u001b[32m\"[object Object]\"\u001b[39m\n          \u001b[36m>\u001b[39m\n            \u001b[36m<div>\u001b[39m\n              \u001b[36m<label>\u001b[39m\n                \u001b[0mNúmero\u001b[0m\n              \u001b[36m</label>\u001b[39m\n              \u001b[36m<input\u001b[39m\n                \u001b[33mname\u001b[39m=\u001b[32m\"number\"\u001b[39m\n                \u001b[33mrequired\u001b[39m=\u001b[32m\"\"\u001b[39m\n                \u001b[33mtype\u001b[39m=\u001b[32m\"text\"\u001b[39m\n                \u001b[33mvalue\u001b[39m=\u001b[32m\"\"\u001b[39m\n              \u001b[36m/>\u001b[39m\n            \u001b[36m</div>\u001b[39m\n            \u001b[36m<div>\u001b[39m\n              \u001b[36m<label>\u001b[39m\n                \u001b[0mNombre\u001b[0m\n              \u001b[36m</label>\u001b[39m\n              \u001b[36m<input\u001b[39m\n                \u001b[33mname\u001b[39m=\u001b[32m\"name\"\u001b[39m\n                \u001b[33mrequired\u001b[39m=\u001b[32m\"\"\u001b[39m\n                \u001b[33mtype\u001b[39m=\u001b[32m\"text\"\u001b[39m\n                \u001b[33mvalue\u001b[39m=\u001b[32m\"\"\u001b[39m\n              \u001b[36m/>\u001b[39m\n            \u001b[36m</div>\u001b[39m\n            \u001b[36m<div>\u001b[39m\n              \u001b[36m<label>\u001b[39m\n                \u001b[0mCapacidad\u001b[0m\n              \u001b[36m</label>\u001b[39m\n              \u001b[36m<input\u001b[39m\n                \u001b[33mname\u001b[39m=\u001b[32m\"capacity\"\u001b[39m\n                \u001b[33mrequired\u001b[39m=\u001b[32m\"\"\u001b[39m\n                \u001b[33mtype\u001b[39m=\u001b[32m\"number\"\u001b[39m\n                \u001b[33mvalue\u001b[39m=\u001b[32m\"\"\u001b[39m\n              \u001b[36m/>\u001b[39m\n            \u001b[36m</div>\u001b[39m\n            \u001b[36m<div>\u001b[39m\n              \u001b[36m<label>\u001b[39m\n                \u001b[0mUbicación\u001b[0m\n              \u001b[36m</label>\u001b[39m\n              \u001b[36m<input\u001b[39m\n                \u001b[33mname\u001b[39m=\u001b[32m\"location\"\u001b[39m\n                \u001b[33mtype\u001b[39m=\u001b[32m\"text\"\u001b[39m\n                \u001b[33mvalue\u001b[39m=\u001b[32m\"\"\u001b[39m\n              \u001b[36m/>\u001b[39m\n            \u001b[36m</div>\u001b[39m\n            \u001b[36m<label>\u001b[39m\n              \u001b[36m<input\u001b[39m\n                \u001b[33mchecked\u001b[39m=\u001b[32m\"\"\u001b[39m\n                \u001b[33mdata-testid\u001b[39m=\u001b[32m\"available-switch\"\u001b[39m\n                \u001b[33mname\u001b[39m=\u001b[32m\"available\"\u001b[39m\n                \u001b[33mtype\u001b[39m=\u001b[32m\"checkbox\"\u001b[39m\n              \u001b[36m/>\u001b[39m\n              \u001b[0mDisponible\u001b[0m\n            \u001b[36m</label>\u001b[39m\n            \u001b[36m<div\u001b[39m\n              \u001b[33msx\u001b[39m=\u001b[32m\"[object Object]\"\u001b[39m\n            \u001b[36m>\u001b[39m\n              \u001b[36m<button\u001b[39m\n                \u001b[33mtype\u001b[39m=\u001b[32m\"submit\"\u001b[39m\n              \u001b[36m>\u001b[39m\n                \u001b[0mCrear\u001b[0m\n              \u001b[36m</button>\u001b[39m\n              \u001b[36m<button>\u001b[39m\n                \u001b[0mCancelar\u001b[0m\n              \u001b[36m</button>\u001b[39m\n            \u001b[36m</div>\u001b[39m\n          \u001b[36m</div>\u001b[39m\n        \u001b[36m</div>\u001b[39m\n      \u001b[36m</div>\u001b[39m\n    \u001b[36m</body>\u001b[39m\n\u001b[2m\u001b[22m\n\u001b[2m    \u001b[0m \u001b[90m 115 |\u001b[39m       )\u001b[33m;\u001b[39m\u001b[22m\n\u001b[2m     \u001b[90m 116 |\u001b[39m\u001b[22m\n\u001b[2m    \u001b[31m\u001b[1m>\u001b[22m\u001b[2m\u001b[39m\u001b[90m 117 |\u001b[39m       \u001b[36mconst\u001b[39m numberInput \u001b[33m=\u001b[39m screen\u001b[33m.\u001b[39mgetByLabelText(\u001b[32m'Número'\u001b[39m)\u001b[33m;\u001b[39m\u001b[22m\n\u001b[2m     \u001b[90m     |\u001b[39m                                  \u001b[31m\u001b[1m^\u001b[22m\u001b[2m\u001b[39m\u001b[22m\n\u001b[2m     \u001b[90m 118 |\u001b[39m       \u001b[36mconst\u001b[39m nameInput \u001b[33m=\u001b[39m screen\u001b[33m.\u001b[39mgetByLabelText(\u001b[32m'Nombre'\u001b[39m)\u001b[33m;\u001b[39m\u001b[22m\n\u001b[2m     \u001b[90m 119 |\u001b[39m       \u001b[36mconst\u001b[39m capacityInput \u001b[33m=\u001b[39m screen\u001b[33m.\u001b[39mgetByLabelText(\u001b[32m'Capacidad'\u001b[39m)\u001b[33m;\u001b[39m\u001b[22m\n\u001b[2m     \u001b[90m 120 |\u001b[39m       \u001b[36mconst\u001b[39m locationInput \u001b[33m=\u001b[39m screen\u001b[33m.\u001b[39mgetByLabelText(\u001b[32m'Ubicación'\u001b[39m)\u001b[33m;\u001b[39m\u001b[0m\u001b[22m\n\u001b[2m\u001b[22m\n\u001b[2m      \u001b[2mat Object.getElementError (\u001b[22m\u001b[2mnode_modules/@testing-library/dom/dist/config.js\u001b[2m:37:19)\u001b[22m\u001b[2m\u001b[22m\n\u001b[2m      \u001b[2mat getAllByLabelText (\u001b[22m\u001b[2mnode_modules/@testing-library/dom/dist/queries/label-text.js\u001b[2m:108:40)\u001b[22m\u001b[2m\u001b[22m\n\u001b[2m      \u001b[2mat \u001b[22m\u001b[2mnode_modules/@testing-library/dom/dist/query-helpers.js\u001b[2m:52:17\u001b[22m\u001b[2m\u001b[22m\n\u001b[2m      \u001b[2mat \u001b[22m\u001b[2mnode_modules/@testing-library/dom/dist/query-helpers.js\u001b[2m:95:19\u001b[22m\u001b[2m\u001b[22m\n\u001b[2m      \u001b[2mat Object.getByLabelText (\u001b[22m\u001b[2m\u001b[0m\u001b[36msrc/components/__tests__/TableForm.test.jsx\u001b[39m\u001b[0m\u001b[2m:117:34)\u001b[22m\u001b[2m\u001b[22m\n\n\u001b[1m\u001b[31m  \u001b[1m● \u001b[22m\u001b[1mTableForm › Form validation › should show validation errors for required fields\u001b[39m\u001b[22m\n\n    Unable to find an element by: [data-testid=\"error-number\"]\n\n    Ignored nodes: comments, script, style\n    \u001b[36m<body>\u001b[39m\n      \u001b[36m<div>\u001b[39m\n        \u001b[36m<div\u001b[39m\n          \u001b[33mdata-testid\u001b[39m=\u001b[32m\"paper\"\u001b[39m\n        \u001b[36m>\u001b[39m\n          \u001b[36m<div>\u001b[39m\n            \u001b[0mNueva Mesa\u001b[0m\n          \u001b[36m</div>\u001b[39m\n          \u001b[36m<div\u001b[39m\n            \u001b[33mcomponent\u001b[39m=\u001b[32m\"form\"\u001b[39m\n            \u001b[33msx\u001b[39m=\u001b[32m\"[object Object]\"\u001b[39m\n          \u001b[36m>\u001b[39m\n            \u001b[36m<div>\u001b[39m\n              \u001b[36m<label>\u001b[39m\n                \u001b[0mNúmero\u001b[0m\n              \u001b[36m</label>\u001b[39m\n              \u001b[36m<input\u001b[39m\n                \u001b[33mname\u001b[39m=\u001b[32m\"number\"\u001b[39m\n                \u001b[33mrequired\u001b[39m=\u001b[32m\"\"\u001b[39m\n                \u001b[33mtype\u001b[39m=\u001b[32m\"text\"\u001b[39m\n                \u001b[33mvalue\u001b[39m=\u001b[32m\"\"\u001b[39m\n              \u001b[36m/>\u001b[39m\n            \u001b[36m</div>\u001b[39m\n            \u001b[36m<div>\u001b[39m\n              \u001b[36m<label>\u001b[39m\n                \u001b[0mNombre\u001b[0m\n              \u001b[36m</label>\u001b[39m\n              \u001b[36m<input\u001b[39m\n                \u001b[33mname\u001b[39m=\u001b[32m\"name\"\u001b[39m\n                \u001b[33mrequired\u001b[39m=\u001b[32m\"\"\u001b[39m\n                \u001b[33mtype\u001b[39m=\u001b[32m\"text\"\u001b[39m\n                \u001b[33mvalue\u001b[39m=\u001b[32m\"\"\u001b[39m\n              \u001b[36m/>\u001b[39m\n            \u001b[36m</div>\u001b[39m\n            \u001b[36m<div>\u001b[39m\n              \u001b[36m<label>\u001b[39m\n                \u001b[0mCapacidad\u001b[0m\n              \u001b[36m</label>\u001b[39m\n              \u001b[36m<input\u001b[39m\n                \u001b[33mname\u001b[39m=\u001b[32m\"capacity\"\u001b[39m\n                \u001b[33mrequired\u001b[39m=\u001b[32m\"\"\u001b[39m\n                \u001b[33mtype\u001b[39m=\u001b[32m\"number\"\u001b[39m\n                \u001b[33mvalue\u001b[39m=\u001b[32m\"\"\u001b[39m\n              \u001b[36m/>\u001b[39m\n            \u001b[36m</div>\u001b[39m\n            \u001b[36m<div>\u001b[39m\n              \u001b[36m<label>\u001b[39m\n                \u001b[0mUbicación\u001b[0m\n              \u001b[36m</label>\u001b[39m\n              \u001b[36m<input\u001b[39m\n                \u001b[33mname\u001b[39m=\u001b[32m\"location\"\u001b[39m\n                \u001b[33mtype\u001b[39m=\u001b[32m\"text\"\u001b[39m\n                \u001b[33mvalue\u001b[39m=\u001b[32m\"\"\u001b[39m\n              \u001b[36m/>\u001b[39m\n            \u001b[36m</div>\u001b[39m\n            \u001b[36m<label>\u001b[39m\n              \u001b[36m<input\u001b[39m\n                \u001b[33mchecked\u001b[39m=\u001b[32m\"\"\u001b[39m\n                \u001b[33mdata-testid\u001b[39m=\u001b[32m\"available-switch\"\u001b[39m\n                \u001b[33mname\u001b[39m=\u001b[32m\"available\"\u001b[39m\n                \u001b[33mtype\u001b[39m=\u001b[32m\"checkbox\"\u001b[39m\n              \u001b[36m/>\u001b[39m\n              \u001b[0mDisponible\u001b[0m\n            \u001b[36m</label>\u001b[39m\n            \u001b[36m<div\u001b[39m\n              \u001b[33msx\u001b[39m=\u001b[32m\"[object Object]\"\u001b[39m\n            \u001b[36m>\u001b[39m\n              \u001b[36m<button\u001b[39m\n                \u001b[33mtype\u001b[39m=\u001b[32m\"submit\"\u001b[39m\n              \u001b[36m>\u001b[39m\n                \u001b[0mCrear\u001b[0m\n              \u001b[36m</button>\u001b[39m\n              \u001b[36m<button>\u001b[39m\n                \u001b[0mCancelar\u001b[0m\n              \u001b[36m</button>\u001b[39m\n            \u001b[36m</div>\u001b[39m\n          \u001b[36m</div>\u001b[39m\n        \u001b[36m</div>\u001b[39m\n      \u001b[36m</div>\u001b[39m\n    \u001b[36m</body>\u001b[39m\n\u001b[2m\u001b[22m\n\u001b[2m    \u001b[0m \u001b[90m 162 |\u001b[39m       fireEvent\u001b[33m.\u001b[39mclick(submitButton)\u001b[33m;\u001b[39m\u001b[22m\n\u001b[2m     \u001b[90m 163 |\u001b[39m\u001b[22m\n\u001b[2m    \u001b[31m\u001b[1m>\u001b[22m\u001b[2m\u001b[39m\u001b[90m 164 |\u001b[39m       \u001b[36mawait\u001b[39m waitFor(() \u001b[33m=>\u001b[39m {\u001b[22m\n\u001b[2m     \u001b[90m     |\u001b[39m                    \u001b[31m\u001b[1m^\u001b[22m\u001b[2m\u001b[39m\u001b[22m\n\u001b[2m     \u001b[90m 165 |\u001b[39m         expect(screen\u001b[33m.\u001b[39mgetByTestId(\u001b[32m'error-number'\u001b[39m))\u001b[33m.\u001b[39mtoHaveTextContent(\u001b[32m'Número es requerido'\u001b[39m)\u001b[33m;\u001b[39m\u001b[22m\n\u001b[2m     \u001b[90m 166 |\u001b[39m         expect(screen\u001b[33m.\u001b[39mgetByTestId(\u001b[32m'error-capacity'\u001b[39m))\u001b[33m.\u001b[39mtoHaveTextContent(\u001b[32m'Capacidad es requerida'\u001b[39m)\u001b[33m;\u001b[39m\u001b[22m\n\u001b[2m     \u001b[90m 167 |\u001b[39m         expect(screen\u001b[33m.\u001b[39mgetByTestId(\u001b[32m'error-name'\u001b[39m))\u001b[33m.\u001b[39mtoHaveTextContent(\u001b[32m'Nombre es requerido'\u001b[39m)\u001b[33m;\u001b[39m\u001b[0m\u001b[22m\n\u001b[2m\u001b[22m\n\u001b[2m      \u001b[2mat waitForWrapper (\u001b[22m\u001b[2mnode_modules/@testing-library/dom/dist/wait-for.js\u001b[2m:163:27)\u001b[22m\u001b[2m\u001b[22m\n\u001b[2m      \u001b[2mat Object.<anonymous> (\u001b[22m\u001b[2m\u001b[0m\u001b[36msrc/components/__tests__/TableForm.test.jsx\u001b[39m\u001b[0m\u001b[2m:164:20)\u001b[22m\u001b[2m\u001b[22m\n\n\u001b[1m\u001b[31m  \u001b[1m● \u001b[22m\u001b[1mTableForm › Form validation › should clear validation errors when fields are filled\u001b[39m\u001b[22m\n\n    TestingLibraryElementError: Unable to find an element by: [data-testid=\"error-number\"]\n\n    Ignored nodes: comments, script, style\n    \u001b[36m<body>\u001b[39m\n      \u001b[36m<div>\u001b[39m\n        \u001b[36m<div\u001b[39m\n          \u001b[33mdata-testid\u001b[39m=\u001b[32m\"paper\"\u001b[39m\n        \u001b[36m>\u001b[39m\n          \u001b[36m<div>\u001b[39m\n            \u001b[0mNueva Mesa\u001b[0m\n          \u001b[36m</div>\u001b[39m\n          \u001b[36m<div\u001b[39m\n            \u001b[33mcomponent\u001b[39m=\u001b[32m\"form\"\u001b[39m\n            \u001b[33msx\u001b[39m=\u001b[32m\"[object Object]\"\u001b[39m\n          \u001b[36m>\u001b[39m\n            \u001b[36m<div>\u001b[39m\n              \u001b[36m<label>\u001b[39m\n                \u001b[0mNúmero\u001b[0m\n              \u001b[36m</label>\u001b[39m\n              \u001b[36m<input\u001b[39m\n                \u001b[33mname\u001b[39m=\u001b[32m\"number\"\u001b[39m\n                \u001b[33mrequired\u001b[39m=\u001b[32m\"\"\u001b[39m\n                \u001b[33mtype\u001b[39m=\u001b[32m\"text\"\u001b[39m\n                \u001b[33mvalue\u001b[39m=\u001b[32m\"\"\u001b[39m\n              \u001b[36m/>\u001b[39m\n            \u001b[36m</div>\u001b[39m\n            \u001b[36m<div>\u001b[39m\n              \u001b[36m<label>\u001b[39m\n                \u001b[0mNombre\u001b[0m\n              \u001b[36m</label>\u001b[39m\n              \u001b[36m<input\u001b[39m\n                \u001b[33mname\u001b[39m=\u001b[32m\"name\"\u001b[39m\n                \u001b[33mrequired\u001b[39m=\u001b[32m\"\"\u001b[39m\n                \u001b[33mtype\u001b[39m=\u001b[32m\"text\"\u001b[39m\n                \u001b[33mvalue\u001b[39m=\u001b[32m\"\"\u001b[39m\n              \u001b[36m/>\u001b[39m\n            \u001b[36m</div>\u001b[39m\n            \u001b[36m<div>\u001b[39m\n              \u001b[36m<label>\u001b[39m\n                \u001b[0mCapacidad\u001b[0m\n              \u001b[36m</label>\u001b[39m\n              \u001b[36m<input\u001b[39m\n                \u001b[33mname\u001b[39m=\u001b[32m\"capacity\"\u001b[39m\n                \u001b[33mrequired\u001b[39m=\u001b[32m\"\"\u001b[39m\n                \u001b[33mtype\u001b[39m=\u001b[32m\"number\"\u001b[39m\n                \u001b[33mvalue\u0
[...]
t.jsx","startTime":1763494397478,"status":"passed","summary":""},{"assertionResults":[{"ancestorTitles":["ForgotPassword Component"],"duration":137,"failing":false,"failureDetails":[],"failureMessages":[],"fullName":"ForgotPassword Component renders forgot password form correctly","invocations":1,"location":null,"numPassingAsserts":5,"retryReasons":[],"startAt":1763494403189,"status":"passed","title":"renders forgot password form correctly"},{"ancestorTitles":["ForgotPassword Component"],"duration":226,"failing":false,"failureDetails":[],"failureMessages":[],"fullName":"ForgotPassword Component updates email input on change","invocations":1,"location":null,"numPassingAsserts":1,"retryReasons":[],"startAt":1763494403327,"status":"passed","title":"updates email input on change"},{"ancestorTitles":["ForgotPassword Component"],"duration":130,"failing":false,"failureDetails":[],"failureMessages":[],"fullName":"ForgotPassword Component validates email field on change","invocations":1,"location":null,"numPassingAsserts":1,"retryReasons":[],"startAt":1763494403554,"status":"passed","title":"validates email field on change"},{"ancestorTitles":["ForgotPassword Component"],"duration":15,"failing":false,"failureDetails":[],"failureMessages":[],"fullName":"ForgotPassword Component shows validation error when email is invalid on submit","invocations":1,"location":null,"numPassingAsserts":1,"retryReasons":[],"startAt":1763494403684,"status":"passed","title":"shows validation error when email is invalid on submit"},{"ancestorTitles":["ForgotPassword Component"],"duration":191,"failing":false,"failureDetails":[],"failureMessages":[],"fullName":"ForgotPassword Component handles successful forgot password request","invocations":1,"location":null,"numPassingAsserts":2,"retryReasons":[],"startAt":1763494403699,"status":"passed","title":"handles successful forgot password request"},{"ancestorTitles":["ForgotPassword Component"],"duration":223,"failing":false,"failureDetails":[],"failureMessages":[],"fullName":"ForgotPassword Component handles forgot password failure","invocations":1,"location":null,"numPassingAsserts":1,"retryReasons":[],"startAt":1763494403890,"status":"passed","title":"handles forgot password failure"},{"ancestorTitles":["ForgotPassword Component"],"duration":161,"failing":false,"failureDetails":[],"failureMessages":[],"fullName":"ForgotPassword Component handles network error during forgot password","invocations":1,"location":null,"numPassingAsserts":1,"retryReasons":[],"startAt":1763494404113,"status":"passed","title":"handles network error during forgot password"},{"ancestorTitles":["ForgotPassword Component"],"duration":281,"failing":false,"failureDetails":[],"failureMessages":[],"fullName":"ForgotPassword Component shows loading state during forgot password request","invocations":1,"location":null,"numPassingAsserts":3,"retryReasons":[],"startAt":1763494404274,"status":"passed","title":"shows loading state during forgot password request"},{"ancestorTitles":["ForgotPassword Component"],"duration":189,"failing":false,"failureDetails":[],"failureMessages":[],"fullName":"ForgotPassword Component clears email input after successful submission","invocations":1,"location":null,"numPassingAsserts":1,"retryReasons":[],"startAt":1763494404555,"status":"passed","title":"clears email input after successful submission"},{"ancestorTitles":["ForgotPassword Component"],"duration":33,"failing":false,"failureDetails":[],"failureMessages":[],"fullName":"ForgotPassword Component navigates to login page","invocations":1,"location":null,"numPassingAsserts":2,"retryReasons":[],"startAt":1763494404744,"status":"passed","title":"navigates to login page"},{"ancestorTitles":["ForgotPassword Component"],"duration":166,"failing":false,"failureDetails":[],"failureMessages":[],"fullName":"ForgotPassword Component prevents multiple submissions while loading","invocations":1,"location":null,"numPassingAsserts":2,"retryReasons":[],"startAt":1763494404777,"status":"passed","title":"prevents multiple submissions while loading"},{"ancestorTitles":["ForgotPassword Component"],"duration":193,"failing":false,"failureDetails":[],"failureMessages":[],"fullName":"ForgotPassword Component shows success message for successful requests","invocations":1,"location":null,"numPassingAsserts":1,"retryReasons":[],"startAt":1763494404944,"status":"passed","title":"shows success message for successful requests"}],"endTime":1763494405139,"message":"","name":"/home/usuario/Desktop/EFI/EFI-FrontEnd/src/components/__tests__/ForgotPassword.test.jsx","startTime":1763494397527,"status":"passed","summary":""},{"assertionResults":[{"ancestorTitles":["Register Component"],"duration":213,"failing":false,"failureDetails":[],"failureMessages":[],"fullName":"Register Component renders register form correctly","invocations":1,"location":null,"numPassingAsserts":9,"retryReasons":[],"startAt":1763494403187,"status":"passed","title":"renders register form correctly"},{"ancestorTitles":["Register Component"],"duration":826,"failing":false,"failureDetails":[],"failureMessages":[],"fullName":"Register Component updates form data on input change","invocations":1,"location":null,"numPassingAsserts":6,"retryReasons":[],"startAt":1763494403401,"status":"passed","title":"updates form data on input change"},{"ancestorTitles":["Register Component"],"duration":738,"failing":false,"failureDetails":[],"failureMessages":[],"fullName":"Register Component shows validation errors when form is invalid","invocations":1,"location":null,"numPassingAsserts":1,"retryReasons":[],"startAt":1763494404227,"status":"passed","title":"shows validation errors when form is invalid"},{"ancestorTitles":["Register Component"],"duration":769,"failing":false,"failureDetails":[],"failureMessages":[],"fullName":"Register Component handles successful registration and auto-login","invocations":1,"location":null,"numPassingAsserts":3,"retryReasons":[],"startAt":1763494404965,"status":"passed","title":"handles successful registration and auto-login"},{"ancestorTitles":["Register Component"],"duration":480,"failing":false,"failureDetails":[],"failureMessages":[],"fullName":"Register Component handles registration failure","invocations":1,"location":null,"numPassingAsserts":1,"retryReasons":[],"startAt":1763494405734,"status":"passed","title":"handles registration failure"},{"ancestorTitles":["Register Component"],"duration":672,"failing":false,"failureDetails":[],"failureMessages":[],"fullName":"Register Component shows success message after successful registration","invocations":1,"location":null,"numPassingAsserts":1,"retryReasons":[],"startAt":1763494406214,"status":"passed","title":"shows success message after successful registration"},{"ancestorTitles":["Register Component"],"duration":522,"failing":false,"failureDetails":[],"failureMessages":[],"fullName":"Register Component shows loading state during registration","invocations":1,"location":null,"numPassingAsserts":2,"retryReasons":[],"startAt":1763494406886,"status":"passed","title":"shows loading state during registration"},{"ancestorTitles":["Register Component"],"duration":32,"failing":false,"failureDetails":[],"failureMessages":[],"fullName":"Register Component navigates to login page","invocations":1,"location":null,"numPassingAsserts":2,"retryReasons":[],"startAt":1763494407408,"status":"passed","title":"navigates to login page"},{"ancestorTitles":["Register Component"],"duration":556,"failing":false,"failureDetails":[],"failureMessages":[],"fullName":"Register Component excludes confirmPassword from registration data","invocations":1,"location":null,"numPassingAsserts":2,"retryReasons":[],"startAt":1763494407440,"status":"passed","title":"excludes confirmPassword from registration data"}],"endTime":1763494407996,"message":"","name":"/home/usuario/Desktop/EFI/EFI-FrontEnd/src/components/__tests__/Register.test.jsx","startTime":1763494397483,"status":"passed","summary":""},{"assertionResults":[{"ancestorTitles":["ResetPassword Component"],"duration":153,"failing":false,"failureDetails":[],"failureMessages":[],"fullName":"ResetPassword Component renders reset password form when token is present","invocations":1,"location":null,"numPassingAsserts":5,"retryReasons":[],"startAt":1763494403188,"status":"passed","title":"renders reset password form when token is present"},{"ancestorTitles":["ResetPassword Component"],"duration":10,"failing":false,"failureDetails":[],"failureMessages":[],"fullName":"ResetPassword Component shows error when no token is present","invocations":1,"location":null,"numPassingAsserts":2,"retryReasons":[],"startAt":1763494403341,"status":"passed","title":"shows error when no token is present"},{"ancestorTitles":["ResetPassword Component"],"duration":398,"failing":false,"failureDetails":[],"failureMessages":[],"fullName":"ResetPassword Component updates form data on input change","invocations":1,"location":null,"numPassingAsserts":2,"retryReasons":[],"startAt":1763494403351,"status":"passed","title":"updates form data on input change"},{"ancestorTitles":["ResetPassword Component"],"duration":83,"failing":false,"failureDetails":[],"failureMessages":[],"fullName":"ResetPassword Component validates form fields on change","invocations":1,"location":null,"numPassingAsserts":1,"retryReasons":[],"startAt":1763494403749,"status":"passed","title":"validates form fields on change"},{"ancestorTitles":["ResetPassword Component"],"duration":212,"failing":false,"failureDetails":[],"failureMessages":[],"fullName":"ResetPassword Component shows validation errors when form is invalid","invocations":1,"location":null,"numPassingAsserts":1,"retryReasons":[],"startAt":1763494403832,"status":"passed","title":"shows validation errors when form is invalid"},{"ancestorTitles":["ResetPassword Component"],"duration":2326,"failing":false,"failureDetails":[],"failureMessages":[],"fullName":"ResetPassword Component handles successful password reset","invocations":1,"location":null,"numPassingAsserts":3,"retryReasons":[],"startAt":1763494404044,"status":"passed","title":"handles successful password reset"},{"ancestorTitles":["ResetPassword Component"],"duration":318,"failing":false,"failureDetails":[],"failureMessages":[],"fullName":"ResetPassword Component handles password reset failure","invocations":1,"location":null,"numPassingAsserts":1,"retryReasons":[],"startAt":1763494406370,"status":"passed","title":"handles password reset failure"},{"ancestorTitles":["ResetPassword Component"],"duration":306,"failing":false,"failureDetails":[],"failureMessages":[],"fullName":"ResetPassword Component handles network error during password reset","invocations":1,"location":null,"numPassingAsserts":1,"retryReasons":[],"startAt":1763494406688,"status":"passed","title":"handles network error during password reset"},{"ancestorTitles":["ResetPassword Component"],"duration":263,"failing":false,"failureDetails":[],"failureMessages":[],"fullName":"ResetPassword Component shows loading state during password reset","invocations":1,"location":null,"numPassingAsserts":3,"retryReasons":[],"startAt":1763494406994,"status":"passed","title":"shows loading state during password reset"},{"ancestorTitles":["ResetPassword Component"],"duration":19,"failing":false,"failureDetails":[],"failureMessages":[],"fullName":"ResetPassword Component navigates to login page","invocations":1,"location":null,"numPassingAsserts":2,"retryReasons":[],"startAt":1763494407258,"status":"passed","title":"navigates to login page"},{"ancestorTitles":["ResetPassword Component"],"duration":13,"failing":false,"failureDetails":[],"failureMessages":[],"fullName":"ResetPassword Component navigates to forgot password when token is invalid","invocations":1,"location":null,"numPassingAsserts":2,"retryReasons":[],"startAt":1763494407277,"status":"passed","title":"navigates to forgot password when token is invalid"},{"ancestorTitles":["ResetPassword Component"],"duration":236,"failing":false,"failureDetails":[],"failureMessages":[],"fullName":"ResetPassword Component prevents form submission when loading","invocations":1,"location":null,"numPassingAsserts":1,"retryReasons":[],"startAt":1763494407290,"status":"passed","title":"prevents form submission when loading"},{"ancestorTitles":["ResetPassword Component"],"duration":331,"failing":false,"failureDetails":[],"failureMessages":[],"fullName":"ResetPassword Component disables submit button after successful reset","invocations":1,"location":null,"numPassingAsserts":1,"retryReasons":[],"startAt":1763494407526,"status":"passed","title":"disables submit button after successful reset"},{"ancestorTitles":["ResetPassword Component"],"duration":210,"failing":false,"failureDetails":[],"failureMessages":[],"fullName":"ResetPassword Component includes token from URL in reset request","invocations":1,"location":null,"numPassingAsserts":1,"retryReasons":[],"startAt":1763494407857,"status":"passed","title":"includes token from URL in reset request"}],"endTime":1763494408068,"message":"","name":"/home/usuario/Desktop/EFI/EFI-FrontEnd/src/components/__tests__/ResetPassword.test.jsx","startTime":1763494397470,"status":"passed","summary":""},{"assertionResults":[{"ancestorTitles":["DishesList Component (Menú)"],"duration":100,"failing":false,"failureDetails":[],"failureMessages":[],"fullName":"DishesList Component (Menú) renders menu title correctly","invocations":1,"location":null,"numPassingAsserts":1,"retryReasons":[],"startAt":1763494424353,"status":"passed","title":"renders menu title correctly"},{"ancestorTitles":["DishesList Component (Menú)"],"duration":21,"failing":false,"failureDetails":[],"failureMessages":[],"fullName":"DishesList Component (Menú) displays loading state initially","invocations":1,"location":null,"numPassingAsserts":1,"retryReasons":[],"startAt":1763494424454,"status":"passed","title":"displays loading state initially"},{"ancestorTitles":["DishesList Component (Menú)"],"duration":56,"failing":false,"failureDetails":[],"failureMessages":[],"fullName":"DishesList Component (Menú) renders dishes correctly when loaded","invocations":1,"location":null,"numPassingAsserts":4,"retryReasons":[],"startAt":1763494424476,"status":"passed","title":"renders dishes correctly when loaded"},{"ancestorTitles":["DishesList Component (Menú)"],"duration":39,"failing":false,"failureDetails":[],"failureMessages":[],"fullName":"DishesList Component (Menú) displays dish information correctly","invocations":1,"location":null,"numPassingAsserts":3,"retryReasons":[],"startAt":1763494424532,"status":"passed","title":"displays dish information correctly"},{"ancestorTitles":["DishesList Component (Menú)"],"duration":45,"failing":false,"failureDetails":[],"failureMessages":[],"fullName":"DishesList Component (Menú) shows availability status with chips","invocations":1,"location":null,"numPassingAsserts":2,"retryReasons":[],"startAt":1763494424572,"status":"passed","title":"shows availability status with chips"},{"ancestorTitles":["DishesList Component (Menú)"],"duration":223,"failing":false,"failureDetails":[],"failureMessages":[],"fullName":"DishesList Component (Menú) filters dishes by category","invocations":1,"location":null,"numPassingAsserts":4,"retryReasons":[],"startAt":1763494424617,"status":"passed","title":"filters dishes by category"},{"ancestorTitles":["DishesList Component (Menú)"],"duration":87,"failing":false,"failureDetails":[],"failureMessages":[],"fullName":"DishesList Component (Menú) filters dishes by availability","invocations":1,"location":null,"numPassingAsserts":4,"retryReasons":[],"startAt":1763494424840,"status":"passed","title":"filters dishes by availability"},{"ancestorTitles":["DishesList Component (Menú)"],"duration":63,"failing":false,"failureDetails":[],"failureMessages":[],"fullName":"DishesList Component (Menú) shows admin controls for admin users","invocations":1,"location":null,"numPassingAsserts":3,"retryReasons":[],"startAt":1763494424927,"status":"passed","title":"shows admin controls for admin users"},{"ancestorTitles":["DishesList Component (Menú)"],"duration":38,"failing":false,"failureDetails":[],"failureMessages":[],"fullName":"DishesList Component (Menú) hides admin controls for regular users","invocations":1,"location":null,"numPassingAsserts":3,"retryReasons":[],"startAt":1763494424990,"status":"passed","title":"hides admin controls for regular users"},{"ancestorTitles":["DishesList Component (Menú)"],"duration":16,"failing":false,"failureDetails":[],"failureMessages":[],"fullName":"DishesList Component (Menú) displays error message when fetch fails","invocations":1,"location":null,"numPassingAsserts":1,"retryReasons":[],"startAt":1763494425028,"status":"passed","title":"displays error message when fetch fails"},{"ancestorTitles":["DishesList Component (Menú)"],"duration":122,"failing":false,"failureDetails":[],"failureMessages":[],"fullName":"DishesList Component (Menú) shows empty state message when no dishes match filters","invocations":1,"location":null,"numPassingAsserts":1,"retryReasons":[],"startAt":1763494425044,"status":"passed","title":"shows empty state message when no dishes match filters"},{"ancestorTitles":["DishesList Component (Menú)"],"duration":23,"failing":false,"failureDetails":[],"failureMessages":[],"fullName":"DishesList Component (Menú) displays correct dish count","invocations":1,"location":null,"numPassingAsserts":1,"retryReasons":[],"startAt":1763494425166,"status":"passed","title":"displays correct dish count"},{"ancestorTitles":["DishesList Component (Menú)"],"duration":38,"failing":false,"failureDetails":[],"failureMessages":[],"fullName":"DishesList Component (Menú) refreshes dishes when refresh button is clicked","invocations":1,"location":null,"numPassingAsserts":1,"retryReasons":[],"startAt":1763494425189,"status":"passed","title":"refreshes dishes when refresh button is clicked"},{"ancestorTitles":["DishesList Component (Menú)"],"duration":17,"failing":false,"failureDetails":[],"failureMessages":[],"fullName":"DishesList Component (Menú) shows view details button for all users","invocations":1,"location":null,"numPassingAsserts":1,"retryReasons":[],"startAt":1763494425227,"status":"passed","title":"shows view details button for all users"},{"ancestorTitles":["DishesList Component (Menú)"],"duration":22,"failing":false,"failureDetails":[],"failureMessages":[],"fullName":"DishesList Component (Menú) applies opacity styling to unavailable dishes","invocations":1,"location":null,"numPassingAsserts":1,"retryReasons":[],"startAt":1763494425244,"status":"passed","title":"applies opacity styling to unavailable dishes"},{"ancestorTitles":["DishesList Component (Menú)"],"duration":44,"failing":false,"failureDetails":[],"failureMessages":[],"fullName":"DishesList Component (Menú) displays categories in filter dropdown","invocations":1,"location":null,"numPassingAsserts":6,"retryReasons":[],"startAt":1763494425266,"status":"passed","title":"displays categories in filter dropdown"},{"ancestorTitles":["DishesList Component (Menú)"],"duration":18,"failing":false,"failureDetails":[],"failureMessages":[],"fullName":"DishesList Component (Menú) does not show admin controls for non-admin users","invocations":1,"location":null,"numPassingAsserts":3,"retryReasons":[],"startAt":1763494425310,"status":"passed","title":"does not show admin controls for non-admin users"},{"ancestorTitles":["DishesList Component (Menú)"],"duration":31,"failing":false,"failureDetails":[],"failureMessages":[],"fullName":"DishesList Component (Menú) shows moderator controls for moderator users","invocations":1,"location":null,"numPassingAsserts":3,"retryReasons":[],"startAt":1763494425328,"status":"passed","title":"shows moderator controls for moderator users"}],"endTime":1763494425360,"message":"","name":"/home/usuario/Desktop/EFI/EFI-FrontEnd/src/components/__tests__/DishesList.test.jsx","startTime":1763494397472,"status":"passed","summary":""}],"wasInterrupted":false}
